This is pdfTeX, Version 3.14159265-2.6-1.40.18 (MiKTeX 2.9.6400 64-bit) (preloaded format=pdflatex 2020.10.6)  3 NOV 2020 14:11
entering extended mode
**./PT_LOG_LISA_ScenarioBasedTotalDemandForecasting.tex
(PT_LOG_LISA_ScenarioBasedTotalDemandForecasting.tex
LaTeX2e <2017-04-15>
Babel <3.12> and hyphenation patterns for 76 language(s) loaded.
("C:\Program Files\MiKTeX 2.9\tex\latex\koma-script\scrartcl.cls"
Document Class: scrartcl 2017/04/13 v3.23 KOMA-Script document class (article)
("C:\Program Files\MiKTeX 2.9\tex\latex\koma-script\scrkbase.sty"
Package: scrkbase 2017/04/13 v3.23 KOMA-Script package (KOMA-Script-dependent b
asics and keyval usage)

("C:\Program Files\MiKTeX 2.9\tex\latex\koma-script\scrbase.sty"
Package: scrbase 2017/04/13 v3.23 KOMA-Script package (KOMA-Script-independent 
basics and keyval usage)

("C:\Program Files\MiKTeX 2.9\tex\latex\graphics\keyval.sty"
Package: keyval 2014/10/28 v1.15 key=value parser (DPC)
\KV@toks@=\toks14
)
("C:\Program Files\MiKTeX 2.9\tex\latex\koma-script\scrlfile.sty"
Package: scrlfile 2017/04/13 v3.23 KOMA-Script package (loading files)

Package scrlfile, 2017/04/13 v3.23 KOMA-Script package (loading files)
                  Copyright (C) Markus Kohm

))) ("C:\Program Files\MiKTeX 2.9\tex\latex\koma-script\tocbasic.sty"
Package: tocbasic 2017/04/13 v3.23 KOMA-Script package (handling toc-files)
\scr@dte@tocline@numberwidth=\skip41
\scr@dte@tocline@numbox=\box26
)
Package tocbasic Info: omitting babel extension for `toc'
(tocbasic)             because of feature `nobabel' available
(tocbasic)             for `toc' on input line 131.
Package tocbasic Info: omitting babel extension for `lof'
(tocbasic)             because of feature `nobabel' available
(tocbasic)             for `lof' on input line 133.
Package tocbasic Info: omitting babel extension for `lot'
(tocbasic)             because of feature `nobabel' available
(tocbasic)             for `lot' on input line 134.
Package scrartcl Info: You've used standard option `11pt'.
(scrartcl)             This is correct!
(scrartcl)             Internally I'm using `fontsize=11pt'.
(scrartcl)             If you'd like to set the option with \KOMAoptions,
(scrartcl)             you'd have to use `fontsize=11pt' there
(scrartcl)             instead of `11pt', too.
Class scrartcl Info: File `scrsize11pt.clo' used to setup font sizes on input l
ine 2059.

("C:\Program Files\MiKTeX 2.9\tex\latex\koma-script\scrsize11pt.clo"
File: scrsize11pt.clo 2017/04/13 v3.23 KOMA-Script font size class option (11pt
)
)
("C:\Program Files\MiKTeX 2.9\tex\latex\koma-script\typearea.sty"
Package: typearea 2017/04/13 v3.23 KOMA-Script package (type area)
\ta@bcor=\skip42
\ta@div=\count79
\ta@hblk=\skip43
\ta@vblk=\skip44
\ta@temp=\skip45
\footheight=\skip46
Package typearea Info: These are the values describing the layout:
(typearea)             DIV  = 10
(typearea)             BCOR = 0.0pt
(typearea)             \paperwidth      = 597.50793pt
(typearea)              \textwidth      = 418.25555pt
(typearea)              DIV departure   = -6%
(typearea)              \evensidemargin = 17.3562pt
(typearea)              \oddsidemargin  = 17.3562pt
(typearea)             \paperheight     = 845.04694pt
(typearea)              \textheight     = 595.80026pt
(typearea)              \topmargin      = -25.16531pt
(typearea)              \headheight     = 17.0pt
(typearea)              \headsep        = 20.40001pt
(typearea)              \topskip        = 11.0pt
(typearea)              \footskip       = 47.6pt
(typearea)              \baselineskip   = 13.6pt
(typearea)              on input line 1647.
)
\c@part=\count80
\c@section=\count81
\c@subsection=\count82
\c@subsubsection=\count83
\c@paragraph=\count84
\c@subparagraph=\count85
\scr@dte@part@maxnumwidth=\skip47
\scr@dte@section@maxnumwidth=\skip48
\scr@dte@subsection@maxnumwidth=\skip49
\scr@dte@subsubsection@maxnumwidth=\skip50
\scr@dte@paragraph@maxnumwidth=\skip51
\scr@dte@subparagraph@maxnumwidth=\skip52
LaTeX Info: Redefining \textsubscript on input line 4094.
\abovecaptionskip=\skip53
\belowcaptionskip=\skip54
\c@pti@nb@sid@b@x=\box27
\c@figure=\count86
\c@table=\count87
Class scrartcl Info: Redefining `\numberline' on input line 5233.
\bibindent=\dimen102
)
(PT_LOG_LISA_ScenarioBasedTotalDemandForecasting_Variables.tex)
("C:\Program Files\MiKTeX 2.9\tex\latex\cite\cite.sty"
LaTeX Info: Redefining \cite on input line 302.
LaTeX Info: Redefining \nocite on input line 332.
Package: cite 2015/02/27  v 5.5
)
("C:\Program Files\MiKTeX 2.9\tex\latex\caption\subcaption.sty"
Package: subcaption 2016/05/22 v1.1-161 Sub-captions (AR)

("C:\Program Files\MiKTeX 2.9\tex\latex\caption\caption.sty"
Package: caption 2016/02/21 v3.3-144 Customizing captions (AR)

("C:\Program Files\MiKTeX 2.9\tex\latex\caption\caption3.sty"
Package: caption3 2016/05/22 v1.7-166 caption3 kernel (AR)
Package caption3 Info: TeX engine: e-TeX on input line 67.
\captionmargin=\dimen103
\captionmargin@=\dimen104
\captionwidth=\dimen105
\caption@tempdima=\dimen106
\caption@indent=\dimen107
\caption@parindent=\dimen108
\caption@hangindent=\dimen109
)
Package caption Info: KOMA-Script document class.
\c@ContinuedFloat=\count88
)
\c@subfigure=\count89
\c@subtable=\count90
)
("C:\Program Files\MiKTeX 2.9\tex\latex\doublestroke\dsfont.sty"
Package: dsfont 1995/08/01 v0.1 Double stroke roman fonts
)
("C:\Program Files\MiKTeX 2.9\tex\latex\mathtools\mathtools.sty"
Package: mathtools 2017/05/24 v1.19 mathematical typesetting tools

("C:\Program Files\MiKTeX 2.9\tex\latex\tools\calc.sty"
Package: calc 2014/10/28 v4.3 Infix arithmetic (KKT,FJ)
\calc@Acount=\count91
\calc@Bcount=\count92
\calc@Adimen=\dimen110
\calc@Bdimen=\dimen111
\calc@Askip=\skip55
\calc@Bskip=\skip56
LaTeX Info: Redefining \setlength on input line 80.
LaTeX Info: Redefining \addtolength on input line 81.
\calc@Ccount=\count93
\calc@Cskip=\skip57
)
("C:\Program Files\MiKTeX 2.9\tex\latex\mathtools\mhsetup.sty"
Package: mhsetup 2017/03/31 v1.3 programming setup (MH)
)
("C:\Program Files\MiKTeX 2.9\tex\latex\amsmath\amsmath.sty"
Package: amsmath 2016/11/05 v2.16a AMS math features
\@mathmargin=\skip58

For additional information on amsmath, use the `?' option.
("C:\Program Files\MiKTeX 2.9\tex\latex\amsmath\amstext.sty"
Package: amstext 2000/06/29 v2.01 AMS text

("C:\Program Files\MiKTeX 2.9\tex\latex\amsmath\amsgen.sty"
File: amsgen.sty 1999/11/30 v2.0 generic functions
\@emptytoks=\toks15
\ex@=\dimen112
))
("C:\Program Files\MiKTeX 2.9\tex\latex\amsmath\amsbsy.sty"
Package: amsbsy 1999/11/29 v1.2d Bold Symbols
\pmbraise@=\dimen113
)
("C:\Program Files\MiKTeX 2.9\tex\latex\amsmath\amsopn.sty"
Package: amsopn 2016/03/08 v2.02 operator names
)
\inf@bad=\count94
LaTeX Info: Redefining \frac on input line 213.
\uproot@=\count95
\leftroot@=\count96
LaTeX Info: Redefining \overline on input line 375.
\classnum@=\count97
\DOTSCASE@=\count98
LaTeX Info: Redefining \ldots on input line 472.
LaTeX Info: Redefining \dots on input line 475.
LaTeX Info: Redefining \cdots on input line 596.
\Mathstrutbox@=\box28
\strutbox@=\box29
\big@size=\dimen114
LaTeX Font Info:    Redeclaring font encoding OML on input line 712.
LaTeX Font Info:    Redeclaring font encoding OMS on input line 713.
\macc@depth=\count99
\c@MaxMatrixCols=\count100
\dotsspace@=\muskip10
\c@parentequation=\count101
\dspbrk@lvl=\count102
\tag@help=\toks16
\row@=\count103
\column@=\count104
\maxfields@=\count105
\andhelp@=\toks17
\eqnshift@=\dimen115
\alignsep@=\dimen116
\tagshift@=\dimen117
\tagwidth@=\dimen118
\totwidth@=\dimen119
\lineht@=\dimen120
\@envbody=\toks18
\multlinegap=\skip59
\multlinetaggap=\skip60
\mathdisplay@stack=\toks19
LaTeX Info: Redefining \[ on input line 2817.
LaTeX Info: Redefining \] on input line 2818.
)
LaTeX Info: Thecontrolsequence`\('isalreadyrobust on input line 129.
LaTeX Info: Thecontrolsequence`\)'isalreadyrobust on input line 129.
LaTeX Info: Thecontrolsequence`\['isalreadyrobust on input line 129.
LaTeX Info: Thecontrolsequence`\]'isalreadyrobust on input line 129.
\g_MT_multlinerow_int=\count106
\l_MT_multwidth_dim=\dimen121
\origjot=\skip61
\l_MT_shortvdotswithinadjustabove_dim=\dimen122
\l_MT_shortvdotswithinadjustbelow_dim=\dimen123
\l_MT_above_intertext_sep=\dimen124
\l_MT_below_intertext_sep=\dimen125
\l_MT_above_shortintertext_sep=\dimen126
\l_MT_below_shortintertext_sep=\dimen127
)
("C:\Program Files\MiKTeX 2.9\tex\generic\babel\babel.sty"
Package: babel 2017/06/29 3.12 The Babel package

("C:\Program Files\MiKTeX 2.9\tex\generic\babel\switch.def"
File: switch.def 2017/06/29 3.12 Babel switching mechanism
)
*************************************
* Local config file bblopts.cfg used
*
("C:\Program Files\MiKTeX 2.9\tex\latex\arabi\bblopts.cfg"
File: bblopts.cfg 2005/09/08 v0.1 add Arabic and Farsi to "declared" options of
 babel
)
("C:\Program Files\MiKTeX 2.9\tex\latex\babel-english\english.ldf"
Language: english 2017/06/06 v3.3r English support from the babel system

("C:\Program Files\MiKTeX 2.9\tex\generic\babel\babel.def"
File: babel.def 2017/06/29 3.12 Babel common definitions

("C:\Program Files\MiKTeX 2.9\tex\generic\babel\switch.def"
File: switch.def 2017/06/29 3.12 Babel switching mechanism
)
\babel@savecnt=\count107
\U@D=\dimen128
)
\l@canadian = a dialect from \language\l@american 
\l@australian = a dialect from \language\l@british 
\l@newzealand = a dialect from \language\l@british 
))
("C:\Program Files\MiKTeX 2.9\tex\latex\base\fontenc.sty"
Package: fontenc 2017/04/05 v2.0i Standard LaTeX package

("C:\Program Files\MiKTeX 2.9\tex\latex\base\t1enc.def"
File: t1enc.def 2017/04/05 v2.0i Standard LaTeX file
LaTeX Font Info:    Redeclaring font encoding T1 on input line 48.
))
("C:\Program Files\MiKTeX 2.9\tex\latex\base\inputenc.sty"
Package: inputenc 2015/03/17 v1.2c Input encoding file
\inpenc@prehook=\toks20
\inpenc@posthook=\toks21

("C:\Program Files\MiKTeX 2.9\tex\latex\base\utf8.def"
File: utf8.def 2017/01/28 v1.1t UTF-8 support for inputenc
Now handling font encoding OML ...
... no UTF-8 mapping file for font encoding OML
Now handling font encoding T1 ...
... processing UTF-8 mapping file for font encoding T1

("C:\Program Files\MiKTeX 2.9\tex\latex\base\t1enc.dfu"
File: t1enc.dfu 2017/01/28 v1.1t UTF-8 support for inputenc
   defining Unicode char U+00A0 (decimal 160)
   defining Unicode char U+00A1 (decimal 161)
   defining Unicode char U+00A3 (decimal 163)
   defining Unicode char U+00AB (decimal 171)
   defining Unicode char U+00AD (decimal 173)
   defining Unicode char U+00BB (decimal 187)
   defining Unicode char U+00BF (decimal 191)
   defining Unicode char U+00C0 (decimal 192)
   defining Unicode char U+00C1 (decimal 193)
   defining Unicode char U+00C2 (decimal 194)
   defining Unicode char U+00C3 (decimal 195)
   defining Unicode char U+00C4 (decimal 196)
   defining Unicode char U+00C5 (decimal 197)
   defining Unicode char U+00C6 (decimal 198)
   defining Unicode char U+00C7 (decimal 199)
   defining Unicode char U+00C8 (decimal 200)
   defining Unicode char U+00C9 (decimal 201)
   defining Unicode char U+00CA (decimal 202)
   defining Unicode char U+00CB (decimal 203)
   defining Unicode char U+00CC (decimal 204)
   defining Unicode char U+00CD (decimal 205)
   defining Unicode char U+00CE (decimal 206)
   defining Unicode char U+00CF (decimal 207)
   defining Unicode char U+00D0 (decimal 208)
   defining Unicode char U+00D1 (decimal 209)
   defining Unicode char U+00D2 (decimal 210)
   defining Unicode char U+00D3 (decimal 211)
   defining Unicode char U+00D4 (decimal 212)
   defining Unicode char U+00D5 (decimal 213)
   defining Unicode char U+00D6 (decimal 214)
   defining Unicode char U+00D8 (decimal 216)
   defining Unicode char U+00D9 (decimal 217)
   defining Unicode char U+00DA (decimal 218)
   defining Unicode char U+00DB (decimal 219)
   defining Unicode char U+00DC (decimal 220)
   defining Unicode char U+00DD (decimal 221)
   defining Unicode char U+00DE (decimal 222)
   defining Unicode char U+00DF (decimal 223)
   defining Unicode char U+00E0 (decimal 224)
   defining Unicode char U+00E1 (decimal 225)
   defining Unicode char U+00E2 (decimal 226)
   defining Unicode char U+00E3 (decimal 227)
   defining Unicode char U+00E4 (decimal 228)
   defining Unicode char U+00E5 (decimal 229)
   defining Unicode char U+00E6 (decimal 230)
   defining Unicode char U+00E7 (decimal 231)
   defining Unicode char U+00E8 (decimal 232)
   defining Unicode char U+00E9 (decimal 233)
   defining Unicode char U+00EA (decimal 234)
   defining Unicode char U+00EB (decimal 235)
   defining Unicode char U+00EC (decimal 236)
   defining Unicode char U+00ED (decimal 237)
   defining Unicode char U+00EE (decimal 238)
   defining Unicode char U+00EF (decimal 239)
   defining Unicode char U+00F0 (decimal 240)
   defining Unicode char U+00F1 (decimal 241)
   defining Unicode char U+00F2 (decimal 242)
   defining Unicode char U+00F3 (decimal 243)
   defining Unicode char U+00F4 (decimal 244)
   defining Unicode char U+00F5 (decimal 245)
   defining Unicode char U+00F6 (decimal 246)
   defining Unicode char U+00F8 (decimal 248)
   defining Unicode char U+00F9 (decimal 249)
   defining Unicode char U+00FA (decimal 250)
   defining Unicode char U+00FB (decimal 251)
   defining Unicode char U+00FC (decimal 252)
   defining Unicode char U+00FD (decimal 253)
   defining Unicode char U+00FE (decimal 254)
   defining Unicode char U+00FF (decimal 255)
   defining Unicode char U+0100 (decimal 256)
   defining Unicode char U+0101 (decimal 257)
   defining Unicode char U+0102 (decimal 258)
   defining Unicode char U+0103 (decimal 259)
   defining Unicode char U+0104 (decimal 260)
   defining Unicode char U+0105 (decimal 261)
   defining Unicode char U+0106 (decimal 262)
   defining Unicode char U+0107 (decimal 263)
   defining Unicode char U+0108 (decimal 264)
   defining Unicode char U+0109 (decimal 265)
   defining Unicode char U+010A (decimal 266)
   defining Unicode char U+010B (decimal 267)
   defining Unicode char U+010C (decimal 268)
   defining Unicode char U+010D (decimal 269)
   defining Unicode char U+010E (decimal 270)
   defining Unicode char U+010F (decimal 271)
   defining Unicode char U+0110 (decimal 272)
   defining Unicode char U+0111 (decimal 273)
   defining Unicode char U+0112 (decimal 274)
   defining Unicode char U+0113 (decimal 275)
   defining Unicode char U+0114 (decimal 276)
   defining Unicode char U+0115 (decimal 277)
   defining Unicode char U+0116 (decimal 278)
   defining Unicode char U+0117 (decimal 279)
   defining Unicode char U+0118 (decimal 280)
   defining Unicode char U+0119 (decimal 281)
   defining Unicode char U+011A (decimal 282)
   defining Unicode char U+011B (decimal 283)
   defining Unicode char U+011C (decimal 284)
   defining Unicode char U+011D (decimal 285)
   defining Unicode char U+011E (decimal 286)
   defining Unicode char U+011F (decimal 287)
   defining Unicode char U+0120 (decimal 288)
   defining Unicode char U+0121 (decimal 289)
   defining Unicode char U+0122 (decimal 290)
   defining Unicode char U+0123 (decimal 291)
   defining Unicode char U+0124 (decimal 292)
   defining Unicode char U+0125 (decimal 293)
   defining Unicode char U+0128 (decimal 296)
   defining Unicode char U+0129 (decimal 297)
   defining Unicode char U+012A (decimal 298)
   defining Unicode char U+012B (decimal 299)
   defining Unicode char U+012C (decimal 300)
   defining Unicode char U+012D (decimal 301)
   defining Unicode char U+012E (decimal 302)
   defining Unicode char U+012F (decimal 303)
   defining Unicode char U+0130 (decimal 304)
   defining Unicode char U+0131 (decimal 305)
   defining Unicode char U+0132 (decimal 306)
   defining Unicode char U+0133 (decimal 307)
   defining Unicode char U+0134 (decimal 308)
   defining Unicode char U+0135 (decimal 309)
   defining Unicode char U+0136 (decimal 310)
   defining Unicode char U+0137 (decimal 311)
   defining Unicode char U+0139 (decimal 313)
   defining Unicode char U+013A (decimal 314)
   defining Unicode char U+013B (decimal 315)
   defining Unicode char U+013C (decimal 316)
   defining Unicode char U+013D (decimal 317)
   defining Unicode char U+013E (decimal 318)
   defining Unicode char U+0141 (decimal 321)
   defining Unicode char U+0142 (decimal 322)
   defining Unicode char U+0143 (decimal 323)
   defining Unicode char U+0144 (decimal 324)
   defining Unicode char U+0145 (decimal 325)
   defining Unicode char U+0146 (decimal 326)
   defining Unicode char U+0147 (decimal 327)
   defining Unicode char U+0148 (decimal 328)
   defining Unicode char U+014A (decimal 330)
   defining Unicode char U+014B (decimal 331)
   defining Unicode char U+014C (decimal 332)
   defining Unicode char U+014D (decimal 333)
   defining Unicode char U+014E (decimal 334)
   defining Unicode char U+014F (decimal 335)
   defining Unicode char U+0150 (decimal 336)
   defining Unicode char U+0151 (decimal 337)
   defining Unicode char U+0152 (decimal 338)
   defining Unicode char U+0153 (decimal 339)
   defining Unicode char U+0154 (decimal 340)
   defining Unicode char U+0155 (decimal 341)
   defining Unicode char U+0156 (decimal 342)
   defining Unicode char U+0157 (decimal 343)
   defining Unicode char U+0158 (decimal 344)
   defining Unicode char U+0159 (decimal 345)
   defining Unicode char U+015A (decimal 346)
   defining Unicode char U+015B (decimal 347)
   defining Unicode char U+015C (decimal 348)
   defining Unicode char U+015D (decimal 349)
   defining Unicode char U+015E (decimal 350)
   defining Unicode char U+015F (decimal 351)
   defining Unicode char U+0160 (decimal 352)
   defining Unicode char U+0161 (decimal 353)
   defining Unicode char U+0162 (decimal 354)
   defining Unicode char U+0163 (decimal 355)
   defining Unicode char U+0164 (decimal 356)
   defining Unicode char U+0165 (decimal 357)
   defining Unicode char U+0168 (decimal 360)
   defining Unicode char U+0169 (decimal 361)
   defining Unicode char U+016A (decimal 362)
   defining Unicode char U+016B (decimal 363)
   defining Unicode char U+016C (decimal 364)
   defining Unicode char U+016D (decimal 365)
   defining Unicode char U+016E (decimal 366)
   defining Unicode char U+016F (decimal 367)
   defining Unicode char U+0170 (decimal 368)
   defining Unicode char U+0171 (decimal 369)
   defining Unicode char U+0172 (decimal 370)
   defining Unicode char U+0173 (decimal 371)
   defining Unicode char U+0174 (decimal 372)
   defining Unicode char U+0175 (decimal 373)
   defining Unicode char U+0176 (decimal 374)
   defining Unicode char U+0177 (decimal 375)
   defining Unicode char U+0178 (decimal 376)
   defining Unicode char U+0179 (decimal 377)
   defining Unicode char U+017A (decimal 378)
   defining Unicode char U+017B (decimal 379)
   defining Unicode char U+017C (decimal 380)
   defining Unicode char U+017D (decimal 381)
   defining Unicode char U+017E (decimal 382)
   defining Unicode char U+01CD (decimal 461)
   defining Unicode char U+01CE (decimal 462)
   defining Unicode char U+01CF (decimal 463)
   defining Unicode char U+01D0 (decimal 464)
   defining Unicode char U+01D1 (decimal 465)
   defining Unicode char U+01D2 (decimal 466)
   defining Unicode char U+01D3 (decimal 467)
   defining Unicode char U+01D4 (decimal 468)
   defining Unicode char U+01E2 (decimal 482)
   defining Unicode char U+01E3 (decimal 483)
   defining Unicode char U+01E6 (decimal 486)
   defining Unicode char U+01E7 (decimal 487)
   defining Unicode char U+01E8 (decimal 488)
   defining Unicode char U+01E9 (decimal 489)
   defining Unicode char U+01EA (decimal 490)
   defining Unicode char U+01EB (decimal 491)
   defining Unicode char U+01F0 (decimal 496)
   defining Unicode char U+01F4 (decimal 500)
   defining Unicode char U+01F5 (decimal 501)
   defining Unicode char U+0218 (decimal 536)
   defining Unicode char U+0219 (decimal 537)
   defining Unicode char U+021A (decimal 538)
   defining Unicode char U+021B (decimal 539)
   defining Unicode char U+0232 (decimal 562)
   defining Unicode char U+0233 (decimal 563)
   defining Unicode char U+1E02 (decimal 7682)
   defining Unicode char U+1E03 (decimal 7683)
   defining Unicode char U+200C (decimal 8204)
   defining Unicode char U+2010 (decimal 8208)
   defining Unicode char U+2011 (decimal 8209)
   defining Unicode char U+2012 (decimal 8210)
   defining Unicode char U+2013 (decimal 8211)
   defining Unicode char U+2014 (decimal 8212)
   defining Unicode char U+2015 (decimal 8213)
   defining Unicode char U+2018 (decimal 8216)
   defining Unicode char U+2019 (decimal 8217)
   defining Unicode char U+201A (decimal 8218)
   defining Unicode char U+201C (decimal 8220)
   defining Unicode char U+201D (decimal 8221)
   defining Unicode char U+201E (decimal 8222)
   defining Unicode char U+2030 (decimal 8240)
   defining Unicode char U+2031 (decimal 8241)
   defining Unicode char U+2039 (decimal 8249)
   defining Unicode char U+203A (decimal 8250)
   defining Unicode char U+2423 (decimal 9251)
   defining Unicode char U+1E20 (decimal 7712)
   defining Unicode char U+1E21 (decimal 7713)
)
Now handling font encoding OT1 ...
... processing UTF-8 mapping file for font encoding OT1

("C:\Program Files\MiKTeX 2.9\tex\latex\base\ot1enc.dfu"
File: ot1enc.dfu 2017/01/28 v1.1t UTF-8 support for inputenc
   defining Unicode char U+00A0 (decimal 160)
   defining Unicode char U+00A1 (decimal 161)
   defining Unicode char U+00A3 (decimal 163)
   defining Unicode char U+00AD (decimal 173)
   defining Unicode char U+00B8 (decimal 184)
   defining Unicode char U+00BF (decimal 191)
   defining Unicode char U+00C5 (decimal 197)
   defining Unicode char U+00C6 (decimal 198)
   defining Unicode char U+00D8 (decimal 216)
   defining Unicode char U+00DF (decimal 223)
   defining Unicode char U+00E6 (decimal 230)
   defining Unicode char U+00EC (decimal 236)
   defining Unicode char U+00ED (decimal 237)
   defining Unicode char U+00EE (decimal 238)
   defining Unicode char U+00EF (decimal 239)
   defining Unicode char U+00F8 (decimal 248)
   defining Unicode char U+0131 (decimal 305)
   defining Unicode char U+0141 (decimal 321)
   defining Unicode char U+0142 (decimal 322)
   defining Unicode char U+0152 (decimal 338)
   defining Unicode char U+0153 (decimal 339)
   defining Unicode char U+0174 (decimal 372)
   defining Unicode char U+0175 (decimal 373)
   defining Unicode char U+0176 (decimal 374)
   defining Unicode char U+0177 (decimal 375)
   defining Unicode char U+0218 (decimal 536)
   defining Unicode char U+0219 (decimal 537)
   defining Unicode char U+021A (decimal 538)
   defining Unicode char U+021B (decimal 539)
   defining Unicode char U+2013 (decimal 8211)
   defining Unicode char U+2014 (decimal 8212)
   defining Unicode char U+2018 (decimal 8216)
   defining Unicode char U+2019 (decimal 8217)
   defining Unicode char U+201C (decimal 8220)
   defining Unicode char U+201D (decimal 8221)
)
Now handling font encoding OMS ...
... processing UTF-8 mapping file for font encoding OMS

("C:\Program Files\MiKTeX 2.9\tex\latex\base\omsenc.dfu"
File: omsenc.dfu 2017/01/28 v1.1t UTF-8 support for inputenc
   defining Unicode char U+00A7 (decimal 167)
   defining Unicode char U+00B6 (decimal 182)
   defining Unicode char U+00B7 (decimal 183)
   defining Unicode char U+2020 (decimal 8224)
   defining Unicode char U+2021 (decimal 8225)
   defining Unicode char U+2022 (decimal 8226)
)
Now handling font encoding OMX ...
... no UTF-8 mapping file for font encoding OMX
Now handling font encoding U ...
... no UTF-8 mapping file for font encoding U
   defining Unicode char U+00A9 (decimal 169)
   defining Unicode char U+00AA (decimal 170)
   defining Unicode char U+00AE (decimal 174)
   defining Unicode char U+00BA (decimal 186)
   defining Unicode char U+02C6 (decimal 710)
   defining Unicode char U+02DC (decimal 732)
   defining Unicode char U+200C (decimal 8204)
   defining Unicode char U+2026 (decimal 8230)
   defining Unicode char U+2122 (decimal 8482)
   defining Unicode char U+2423 (decimal 9251)
))
("C:\Program Files\MiKTeX 2.9\tex\latex\microtype\microtype.sty"
Package: microtype 2017/07/07 v2.7 Micro-typographical refinements (RS)
\MT@toks=\toks22
\MT@count=\count108
LaTeX Info: Redefining \textls on input line 789.
\MT@outer@kern=\dimen129
LaTeX Info: Redefining \textmicrotypecontext on input line 1334.
\MT@listname@count=\count109

("C:\Program Files\MiKTeX 2.9\tex\latex\microtype\microtype-pdftex.def"
File: microtype-pdftex.def 2017/07/07 v2.7 Definitions specific to pdftex (RS)
LaTeX Info: Redefining \lsstyle on input line 912.
LaTeX Info: Redefining \lslig on input line 912.
\MT@outer@space=\skip62
)
Package microtype Info: Loading configuration file microtype.cfg.

("C:\Program Files\MiKTeX 2.9\tex\latex\microtype\microtype.cfg"
File: microtype.cfg 2017/07/07 v2.7 microtype main configuration file (RS)
))
("C:\Program Files\MiKTeX 2.9\tex\latex\lipsum\lipsum.sty"
Package: lipsum 2014/07/27 v1.3 150 paragraphs of Lorem Ipsum dummy text
\c@lips@count=\count110
)
(C:\ProgramData\texmfbosch\tex\latex\bosch\bosch.sty
Package: bosch 2018/02/13 v4.0.0 Bosch Corporate Design


Package: bosch, S. Simon, 2001-2018, 2018/02/13 v4.0.0 
Author:
 Stephan Simon (2001-2018)
with contributions from:
 Tobias Rad (2017-2018: SCCM package, TeX logo implementation)
 Christian Hoeppler (2016: Bosch Office Sans font)
 Florian Brucker (2013: Feber template)

("C:\Program Files\MiKTeX 2.9\tex\latex\base\ifthen.sty"
Package: ifthen 2014/09/29 v1.1c Standard LaTeX ifthen package (DPC)
)
("C:\Program Files\MiKTeX 2.9\tex\latex\oberdiek\kvoptions.sty"
Package: kvoptions 2016/05/16 v3.12 Key value format for package options (HO)

("C:\Program Files\MiKTeX 2.9\tex\generic\oberdiek\ltxcmds.sty"
Package: ltxcmds 2016/05/16 v1.23 LaTeX kernel commands for general use (HO)
)
("C:\Program Files\MiKTeX 2.9\tex\generic\oberdiek\kvsetkeys.sty"
Package: kvsetkeys 2016/05/16 v1.17 Key value parser (HO)

("C:\Program Files\MiKTeX 2.9\tex\generic\oberdiek\infwarerr.sty"
Package: infwarerr 2016/05/16 v1.4 Providing info/warning/error messages (HO)
)
("C:\Program Files\MiKTeX 2.9\tex\generic\oberdiek\etexcmds.sty"
Package: etexcmds 2016/05/16 v1.6 Avoid name clashes with e-TeX commands (HO)

("C:\Program Files\MiKTeX 2.9\tex\generic\oberdiek\ifluatex.sty"
Package: ifluatex 2016/05/16 v1.4 Provides the ifluatex switch (HO)
Package ifluatex Info: LuaTeX not detected.
)
Package etexcmds Info: Could not find \expanded.
(etexcmds)             That can mean that you are not using pdfTeX 1.50 or
(etexcmds)             that some package has redefined \expanded.
(etexcmds)             In the latter case, load this package earlier.
)))
(C:\ProgramData\texmfbosch\tex\latex\bosch\boschformat.sty
Package: boschformat 2018/02/13 v4.0.0 Bosch page formats

Package: boschformat, Stephan Simon, 2001-2018, 2018/02/13 v4.0.0 

("C:\Program Files\MiKTeX 2.9\tex\latex\etoolbox\etoolbox.sty"
Package: etoolbox 2017/01/02 v2.4 e-TeX tools for LaTeX (JAW)
\etb@tempcnta=\count111
)
("C:\Program Files\MiKTeX 2.9\tex\latex\pgf\basiclayer\pgf.sty"
("C:\Program Files\MiKTeX 2.9\tex\latex\pgf\utilities\pgfrcs.sty"
("C:\Program Files\MiKTeX 2.9\tex\generic\pgf\utilities\pgfutil-common.tex"
\pgfutil@everybye=\toks23
\pgfutil@tempdima=\dimen130
\pgfutil@tempdimb=\dimen131

("C:\Program Files\MiKTeX 2.9\tex\generic\pgf\utilities\pgfutil-common-lists.te
x")) ("C:\Program Files\MiKTeX 2.9\tex\generic\pgf\utilities\pgfutil-latex.def"
\pgfutil@abb=\box30
("C:\Program Files\MiKTeX 2.9\tex\latex\ms\everyshi.sty"
Package: everyshi 2001/05/15 v3.00 EveryShipout Package (MS)
))
("C:\Program Files\MiKTeX 2.9\tex\generic\pgf\utilities\pgfrcs.code.tex"
Package: pgfrcs 2015/08/07 v3.0.1a (rcs-revision 1.31)
))
Package: pgf 2015/08/07 v3.0.1a (rcs-revision 1.15)

("C:\Program Files\MiKTeX 2.9\tex\latex\pgf\basiclayer\pgfcore.sty"
("C:\Program Files\MiKTeX 2.9\tex\latex\graphics\graphicx.sty"
Package: graphicx 2017/06/01 v1.1a Enhanced LaTeX Graphics (DPC,SPQR)

("C:\Program Files\MiKTeX 2.9\tex\latex\graphics\graphics.sty"
Package: graphics 2017/06/25 v1.2c Standard LaTeX Graphics (DPC,SPQR)

("C:\Program Files\MiKTeX 2.9\tex\latex\graphics\trig.sty"
Package: trig 2016/01/03 v1.10 sin cos tan (DPC)
)
("C:\Program Files\MiKTeX 2.9\tex\latex\graphics-cfg\graphics.cfg"
File: graphics.cfg 2016/06/04 v1.11 sample graphics configuration
)
Package graphics Info: Driver file: pdftex.def on input line 99.

("C:\Program Files\MiKTeX 2.9\tex\latex\graphics-def\pdftex.def"
File: pdftex.def 2017/06/24 v1.0g Graphics/color driver for pdftex
))
\Gin@req@height=\dimen132
\Gin@req@width=\dimen133
)
("C:\Program Files\MiKTeX 2.9\tex\latex\pgf\systemlayer\pgfsys.sty"
("C:\Program Files\MiKTeX 2.9\tex\generic\pgf\systemlayer\pgfsys.code.tex"
Package: pgfsys 2014/07/09 v3.0.1a (rcs-revision 1.48)

("C:\Program Files\MiKTeX 2.9\tex\generic\pgf\utilities\pgfkeys.code.tex"
\pgfkeys@pathtoks=\toks24
\pgfkeys@temptoks=\toks25

("C:\Program Files\MiKTeX 2.9\tex\generic\pgf\utilities\pgfkeysfiltered.code.te
x"
\pgfkeys@tmptoks=\toks26
))
\pgf@x=\dimen134
\pgf@y=\dimen135
\pgf@xa=\dimen136
\pgf@ya=\dimen137
\pgf@xb=\dimen138
\pgf@yb=\dimen139
\pgf@xc=\dimen140
\pgf@yc=\dimen141
\w@pgf@writea=\write3
\r@pgf@reada=\read1
\c@pgf@counta=\count112
\c@pgf@countb=\count113
\c@pgf@countc=\count114
\c@pgf@countd=\count115
\t@pgf@toka=\toks27
\t@pgf@tokb=\toks28
\t@pgf@tokc=\toks29
 ("C:\Program Files\MiKTeX 2.9\tex\generic\pgf\systemlayer\pgf.cfg"
File: pgf.cfg 2008/05/14  (rcs-revision 1.7)
)
Driver file for pgf: pgfsys-pdftex.def

("C:\Program Files\MiKTeX 2.9\tex\generic\pgf\systemlayer\pgfsys-pdftex.def"
File: pgfsys-pdftex.def 2014/10/11  (rcs-revision 1.35)

("C:\Program Files\MiKTeX 2.9\tex\generic\pgf\systemlayer\pgfsys-common-pdf.def
"
File: pgfsys-common-pdf.def 2013/10/10  (rcs-revision 1.13)
)))
("C:\Program Files\MiKTeX 2.9\tex\generic\pgf\systemlayer\pgfsyssoftpath.code.t
ex"
File: pgfsyssoftpath.code.tex 2013/09/09  (rcs-revision 1.9)
\pgfsyssoftpath@smallbuffer@items=\count116
\pgfsyssoftpath@bigbuffer@items=\count117
)
("C:\Program Files\MiKTeX 2.9\tex\generic\pgf\systemlayer\pgfsysprotocol.code.t
ex"
File: pgfsysprotocol.code.tex 2006/10/16  (rcs-revision 1.4)
)) ("C:\Program Files\MiKTeX 2.9\tex\latex\xcolor\xcolor.sty"
Package: xcolor 2016/05/11 v2.12 LaTeX color extensions (UK)

("C:\Program Files\MiKTeX 2.9\tex\latex\graphics-cfg\color.cfg"
File: color.cfg 2016/01/02 v1.6 sample color configuration
)
Package xcolor Info: Driver file: pdftex.def on input line 225.
Package xcolor Info: Model `cmy' substituted by `cmy0' on input line 1348.
Package xcolor Info: Model `hsb' substituted by `rgb' on input line 1352.
Package xcolor Info: Model `RGB' extended on input line 1364.
Package xcolor Info: Model `HTML' substituted by `rgb' on input line 1366.
Package xcolor Info: Model `Hsb' substituted by `hsb' on input line 1367.
Package xcolor Info: Model `tHsb' substituted by `hsb' on input line 1368.
Package xcolor Info: Model `HSB' substituted by `hsb' on input line 1369.
Package xcolor Info: Model `Gray' substituted by `gray' on input line 1370.
Package xcolor Info: Model `wave' substituted by `hsb' on input line 1371.
)
("C:\Program Files\MiKTeX 2.9\tex\generic\pgf\basiclayer\pgfcore.code.tex"
Package: pgfcore 2010/04/11 v3.0.1a (rcs-revision 1.7)

("C:\Program Files\MiKTeX 2.9\tex\generic\pgf\math\pgfmath.code.tex"
("C:\Program Files\MiKTeX 2.9\tex\generic\pgf\math\pgfmathcalc.code.tex"
("C:\Program Files\MiKTeX 2.9\tex\generic\pgf\math\pgfmathutil.code.tex")
("C:\Program Files\MiKTeX 2.9\tex\generic\pgf\math\pgfmathparser.code.tex"
\pgfmath@dimen=\dimen142
\pgfmath@count=\count118
\pgfmath@box=\box31
\pgfmath@toks=\toks30
\pgfmath@stack@operand=\toks31
\pgfmath@stack@operation=\toks32
)
("C:\Program Files\MiKTeX 2.9\tex\generic\pgf\math\pgfmathfunctions.code.tex"
("C:\Program Files\MiKTeX 2.9\tex\generic\pgf\math\pgfmathfunctions.basic.code.
tex")
("C:\Program Files\MiKTeX 2.9\tex\generic\pgf\math\pgfmathfunctions.trigonometr
ic.code.tex")
("C:\Program Files\MiKTeX 2.9\tex\generic\pgf\math\pgfmathfunctions.random.code
.tex")
("C:\Program Files\MiKTeX 2.9\tex\generic\pgf\math\pgfmathfunctions.comparison.
code.tex")
("C:\Program Files\MiKTeX 2.9\tex\generic\pgf\math\pgfmathfunctions.base.code.t
ex")
("C:\Program Files\MiKTeX 2.9\tex\generic\pgf\math\pgfmathfunctions.round.code.
tex")
("C:\Program Files\MiKTeX 2.9\tex\generic\pgf\math\pgfmathfunctions.misc.code.t
ex")
("C:\Program Files\MiKTeX 2.9\tex\generic\pgf\math\pgfmathfunctions.integerarit
hmetics.code.tex")))
("C:\Program Files\MiKTeX 2.9\tex\generic\pgf\math\pgfmathfloat.code.tex"
\c@pgfmathroundto@lastzeros=\count119
))
("C:\Program Files\MiKTeX 2.9\tex\generic\pgf\basiclayer\pgfcorepoints.code.tex
"
File: pgfcorepoints.code.tex 2013/10/07  (rcs-revision 1.27)
\pgf@picminx=\dimen143
\pgf@picmaxx=\dimen144
\pgf@picminy=\dimen145
\pgf@picmaxy=\dimen146
\pgf@pathminx=\dimen147
\pgf@pathmaxx=\dimen148
\pgf@pathminy=\dimen149
\pgf@pathmaxy=\dimen150
\pgf@xx=\dimen151
\pgf@xy=\dimen152
\pgf@yx=\dimen153
\pgf@yy=\dimen154
\pgf@zx=\dimen155
\pgf@zy=\dimen156
)
("C:\Program Files\MiKTeX 2.9\tex\generic\pgf\basiclayer\pgfcorepathconstruct.c
ode.tex"
File: pgfcorepathconstruct.code.tex 2013/10/07  (rcs-revision 1.29)
\pgf@path@lastx=\dimen157
\pgf@path@lasty=\dimen158
)
("C:\Program Files\MiKTeX 2.9\tex\generic\pgf\basiclayer\pgfcorepathusage.code.
tex"
File: pgfcorepathusage.code.tex 2014/11/02  (rcs-revision 1.24)
\pgf@shorten@end@additional=\dimen159
\pgf@shorten@start@additional=\dimen160
)
("C:\Program Files\MiKTeX 2.9\tex\generic\pgf\basiclayer\pgfcorescopes.code.tex
"
File: pgfcorescopes.code.tex 2015/05/08  (rcs-revision 1.46)
\pgfpic=\box32
\pgf@hbox=\box33
\pgf@layerbox@main=\box34
\pgf@picture@serial@count=\count120
)
("C:\Program Files\MiKTeX 2.9\tex\generic\pgf\basiclayer\pgfcoregraphicstate.co
de.tex"
File: pgfcoregraphicstate.code.tex 2014/11/02  (rcs-revision 1.12)
\pgflinewidth=\dimen161
)
("C:\Program Files\MiKTeX 2.9\tex\generic\pgf\basiclayer\pgfcoretransformations
.code.tex"
File: pgfcoretransformations.code.tex 2015/08/07  (rcs-revision 1.20)
\pgf@pt@x=\dimen162
\pgf@pt@y=\dimen163
\pgf@pt@temp=\dimen164
)
("C:\Program Files\MiKTeX 2.9\tex\generic\pgf\basiclayer\pgfcorequick.code.tex"
File: pgfcorequick.code.tex 2008/10/09  (rcs-revision 1.3)
)
("C:\Program Files\MiKTeX 2.9\tex\generic\pgf\basiclayer\pgfcoreobjects.code.te
x"
File: pgfcoreobjects.code.tex 2006/10/11  (rcs-revision 1.2)
)
("C:\Program Files\MiKTeX 2.9\tex\generic\pgf\basiclayer\pgfcorepathprocessing.
code.tex"
File: pgfcorepathprocessing.code.tex 2013/09/09  (rcs-revision 1.9)
)
("C:\Program Files\MiKTeX 2.9\tex\generic\pgf\basiclayer\pgfcorearrows.code.tex
"
File: pgfcorearrows.code.tex 2015/05/14  (rcs-revision 1.43)
\pgfarrowsep=\dimen165
)
("C:\Program Files\MiKTeX 2.9\tex\generic\pgf\basiclayer\pgfcoreshade.code.tex"
File: pgfcoreshade.code.tex 2013/07/15  (rcs-revision 1.15)
\pgf@max=\dimen166
\pgf@sys@shading@range@num=\count121
) ("C:\Program Files\MiKTeX 2.9\tex\generic\pgf\basiclayer\pgfcoreimage.code.te
x"
File: pgfcoreimage.code.tex 2013/07/15  (rcs-revision 1.18)

("C:\Program Files\MiKTeX 2.9\tex\generic\pgf\basiclayer\pgfcoreexternal.code.t
ex"
File: pgfcoreexternal.code.tex 2014/07/09  (rcs-revision 1.21)
\pgfexternal@startupbox=\box35
))
("C:\Program Files\MiKTeX 2.9\tex\generic\pgf\basiclayer\pgfcorelayers.code.tex
"
File: pgfcorelayers.code.tex 2013/07/18  (rcs-revision 1.7)
)
("C:\Program Files\MiKTeX 2.9\tex\generic\pgf\basiclayer\pgfcoretransparency.co
de.tex"
File: pgfcoretransparency.code.tex 2013/09/30  (rcs-revision 1.5)
)
("C:\Program Files\MiKTeX 2.9\tex\generic\pgf\basiclayer\pgfcorepatterns.code.t
ex"
File: pgfcorepatterns.code.tex 2013/11/07  (rcs-revision 1.5)
)))
("C:\Program Files\MiKTeX 2.9\tex\generic\pgf\modules\pgfmoduleshapes.code.tex"
File: pgfmoduleshapes.code.tex 2014/03/21  (rcs-revision 1.35)
\pgfnodeparttextbox=\box36
) ("C:\Program Files\MiKTeX 2.9\tex\generic\pgf\modules\pgfmoduleplot.code.tex"
File: pgfmoduleplot.code.tex 2015/08/03  (rcs-revision 1.13)
)
("C:\Program Files\MiKTeX 2.9\tex\latex\pgf\compatibility\pgfcomp-version-0-65.
sty"
Package: pgfcomp-version-0-65 2007/07/03 v3.0.1a (rcs-revision 1.7)
\pgf@nodesepstart=\dimen167
\pgf@nodesepend=\dimen168
)
("C:\Program Files\MiKTeX 2.9\tex\latex\pgf\compatibility\pgfcomp-version-1-18.
sty"
Package: pgfcomp-version-1-18 2007/07/23 v3.0.1a (rcs-revision 1.1)
))
\dx=\skip63
\dy=\skip64
\dxymin=\skip65
\dxymax=\skip66
\dxyz=\skip67
\paperLongSide=\skip68
\paperShortSide=\skip69
\bordTop=\skip70
\bordBottom=\skip71
\bordLeft=\skip72
\bordRight=\skip73
\@RBlowerEdgeYpos=\skip74
\@RBpageDiag=\skip75
\RBhHgt=\skip76
\@RBlogoWdt=\skip77
\@RBlogoHgt=\skip78
\@RBlogoXpos=\skip79
\@RBlogoYpos=\skip80
\@RBlifeClipWdt=\skip81
\@RBlifeClipHgt=\skip82
\@RBlifeClipXpos=\skip83
\@RBlifeClipYpos=\skip84
\@RBmyPicWdt=\skip85
\@RBmyPicHgt=\skip86
\@RBmyPicXpos=\skip87
\@RBmyPicYpos=\skip88
\@RBsgFullHgt=\skip89
\@RBsgWdt=\skip90
\@RBsgHgt=\skip91
\@RBsgXpos=\skip92
\@RBsgYpos=\skip93
\@RBbackWdt=\skip94
\@RBbackHgt=\skip95
\@RBbackXpos=\skip96
\@RBbackYpos=\skip97
\@RBtitleWdt=\skip98
\@RBtitleHgt=\skip99
\@RBtitleXpos=\skip100
\@RBtitleYpos=\skip101
\@RBtitleYmargin=\skip102
\@RBheadUsableHgt=\skip103
\@RBheadUsableYpos=\skip104
\@RBdataWdt=\skip105
\@RBdataHgt=\skip106
\@RBdataXpos=\skip107
\@RBdataYpos=\skip108
\@RBmyBackPicWdt=\skip109
\@RBmyBackPicHgt=\skip110
\@RBmyBackPicXpos=\skip111
\@RBmyBackPicYpos=\skip112
\@RBfootBoxXpos=\skip113
\@RBfootBoxYpos=\skip114
\@RBfootBoxWdt=\skip115
\@RBfootBoxHgt=\skip116
\TempRatioInPt=\skip117
)
boschformat: using A4 portrait paper format
Package typearea Info: These are the values describing the layout:
(typearea)             DIV  = 10
(typearea)             BCOR = 0.0pt
(typearea)             \paperwidth      = 598.14613pt
(typearea)              \textwidth      = 418.70232pt
(typearea)              DIV departure   = -7%
(typearea)              \evensidemargin = 17.45192pt
(typearea)              \oddsidemargin  = 17.45192pt
(typearea)             \paperheight     = 845.90547pt
(typearea)              \textheight     = 595.80026pt
(typearea)              \topmargin      = -25.07945pt
(typearea)              \headheight     = 17.0pt
(typearea)              \headsep        = 20.40001pt
(typearea)              \topskip        = 11.0pt
(typearea)              \footskip       = 47.6pt
(typearea)              \baselineskip   = 13.6pt
(typearea)              on input line 192.
("C:\Program Files\MiKTeX 2.9\tex\latex\hyperref\hyperref.sty"
Package: hyperref 2017/03/14 v6.85a Hypertext links for LaTeX

("C:\Program Files\MiKTeX 2.9\tex\generic\oberdiek\hobsub-hyperref.sty"
Package: hobsub-hyperref 2016/05/16 v1.14 Bundle oberdiek, subset hyperref (HO)


("C:\Program Files\MiKTeX 2.9\tex\generic\oberdiek\hobsub-generic.sty"
Package: hobsub-generic 2016/05/16 v1.14 Bundle oberdiek, subset generic (HO)
Package: hobsub 2016/05/16 v1.14 Construct package bundles (HO)
Package hobsub Info: Skipping package `infwarerr' (already loaded).
Package hobsub Info: Skipping package `ltxcmds' (already loaded).
Package hobsub Info: Skipping package `ifluatex' (already loaded).
Package: ifvtex 2016/05/16 v1.6 Detect VTeX and its facilities (HO)
Package ifvtex Info: VTeX not detected.
Package: intcalc 2016/05/16 v1.2 Expandable calculations with integers (HO)
Package: ifpdf 2017/03/15 v3.2 Provides the ifpdf switch
Package hobsub Info: Skipping package `etexcmds' (already loaded).
Package hobsub Info: Skipping package `kvsetkeys' (already loaded).
Package: kvdefinekeys 2016/05/16 v1.4 Define keys (HO)
Package: pdftexcmds 2017/03/19 v0.25 Utility functions of pdfTeX for LuaTeX (HO
)
Package pdftexcmds Info: LuaTeX not detected.
Package pdftexcmds Info: \pdf@primitive is available.
Package pdftexcmds Info: \pdf@ifprimitive is available.
Package pdftexcmds Info: \pdfdraftmode found.
Package: pdfescape 2016/05/16 v1.14 Implements pdfTeX's escape features (HO)
Package: bigintcalc 2016/05/16 v1.4 Expandable calculations on big integers (HO
)
Package: bitset 2016/05/16 v1.2 Handle bit-vector datatype (HO)
Package: uniquecounter 2016/05/16 v1.3 Provide unlimited unique counter (HO)
)
Package hobsub Info: Skipping package `hobsub' (already loaded).
Package: letltxmacro 2016/05/16 v1.5 Let assignment for LaTeX macros (HO)
Package: hopatch 2016/05/16 v1.3 Wrapper for package hooks (HO)
Package: xcolor-patch 2016/05/16 xcolor patch
Package: atveryend 2016/05/16 v1.9 Hooks at the very end of document (HO)
Package: atbegshi 2016/06/09 v1.18 At begin shipout hook (HO)
Package: refcount 2016/05/16 v3.5 Data extraction from label references (HO)
Package: hycolor 2016/05/16 v1.8 Color options for hyperref/bookmark (HO)
)
("C:\Program Files\MiKTeX 2.9\tex\generic\ifxetex\ifxetex.sty"
Package: ifxetex 2010/09/12 v0.6 Provides ifxetex conditional
)
("C:\Program Files\MiKTeX 2.9\tex\latex\oberdiek\auxhook.sty"
Package: auxhook 2016/05/16 v1.4 Hooks for auxiliary files (HO)
)
\@linkdim=\dimen169
\Hy@linkcounter=\count122
\Hy@pagecounter=\count123

("C:\Program Files\MiKTeX 2.9\tex\latex\hyperref\pd1enc.def"
File: pd1enc.def 2017/03/14 v6.85a Hyperref: PDFDocEncoding definition (HO)
Now handling font encoding PD1 ...
... no UTF-8 mapping file for font encoding PD1
)
\Hy@SavedSpaceFactor=\count124

("C:\Program Files\MiKTeX 2.9\tex\latex\00miktex\hyperref.cfg"
File: hyperref.cfg 2002/06/06 v1.2 hyperref configuration of TeXLive
)
Package hyperref Info: Hyper figures OFF on input line 4498.
Package hyperref Info: Link nesting OFF on input line 4503.
Package hyperref Info: Hyper index ON on input line 4506.
Package hyperref Info: Plain pages OFF on input line 4513.
Package hyperref Info: Backreferencing OFF on input line 4518.
Package hyperref Info: Implicit mode ON; LaTeX internals redefined.
Package hyperref Info: Bookmarks ON on input line 4751.
\c@Hy@tempcnt=\count125

("C:\Program Files\MiKTeX 2.9\tex\latex\url\url.sty"
\Urlmuskip=\muskip11
Package: url 2013/09/16  ver 3.4  Verb mode for urls, etc.
)
LaTeX Info: Redefining \url on input line 5104.
\XeTeXLinkMargin=\dimen170
\Fld@menulength=\count126
\Field@Width=\dimen171
\Fld@charsize=\dimen172
Package hyperref Info: Hyper figures OFF on input line 6358.
Package hyperref Info: Link nesting OFF on input line 6363.
Package hyperref Info: Hyper index ON on input line 6366.
Package hyperref Info: backreferencing OFF on input line 6373.
Package hyperref Info: Link coloring OFF on input line 6378.
Package hyperref Info: Link coloring with OCG OFF on input line 6383.
Package hyperref Info: PDF/A mode OFF on input line 6388.
LaTeX Info: Redefining \ref on input line 6428.
LaTeX Info: Redefining \pageref on input line 6432.
\Hy@abspage=\count127
\c@Item=\count128
\c@Hfootnote=\count129
)

Package hyperref Message: Driver (autodetected): hpdftex.

("C:\Program Files\MiKTeX 2.9\tex\latex\hyperref\hpdftex.def"
File: hpdftex.def 2017/03/14 v6.85a Hyperref driver for pdfTeX
\Fld@listcount=\count130
\c@bookmark@seq@number=\count131

("C:\Program Files\MiKTeX 2.9\tex\latex\oberdiek\rerunfilecheck.sty"
Package: rerunfilecheck 2016/05/16 v1.8 Rerun checks for auxiliary files (HO)
Package uniquecounter Info: New unique counter `rerunfilecheck' on input line 2
82.
)
\Hy@SectionHShift=\skip118
)
("C:\Program Files\MiKTeX 2.9\tex\latex\oberdiek\transparent.sty"
Package: transparent 2016/05/16 v1.1 Transparency via pdfTeX's color stack (HO)

)
("C:\Program Files\MiKTeX 2.9\tex\latex\tools\xspace.sty"
Package: xspace 2014/10/28 v1.13 Space after command names (DPC,MH)
)
(C:\ProgramData\texmfbosch\tex\latex\bosch\boschlanguage.sty
Package: boschlanguage 2018/02/13 v4.0.0 Bosch elements

Package: boschlanguage, Stephan Simon, 2001-2017, 2018/02/13 v4.0.0 

("C:\Program Files\MiKTeX 2.9\tex\latex\pgf\frontendlayer\tikz.sty"
("C:\Program Files\MiKTeX 2.9\tex\latex\pgf\utilities\pgffor.sty"
("C:\Program Files\MiKTeX 2.9\tex\latex\pgf\utilities\pgfkeys.sty"
("C:\Program Files\MiKTeX 2.9\tex\generic\pgf\utilities\pgfkeys.code.tex"))
("C:\Program Files\MiKTeX 2.9\tex\latex\pgf\math\pgfmath.sty"
("C:\Program Files\MiKTeX 2.9\tex\generic\pgf\math\pgfmath.code.tex"))
("C:\Program Files\MiKTeX 2.9\tex\generic\pgf\utilities\pgffor.code.tex"
Package: pgffor 2013/12/13 v3.0.1a (rcs-revision 1.25)

("C:\Program Files\MiKTeX 2.9\tex\generic\pgf\math\pgfmath.code.tex")
\pgffor@iter=\dimen173
\pgffor@skip=\dimen174
\pgffor@stack=\toks33
\pgffor@toks=\toks34
))
("C:\Program Files\MiKTeX 2.9\tex\generic\pgf\frontendlayer\tikz\tikz.code.tex"
Package: tikz 2015/08/07 v3.0.1a (rcs-revision 1.151)

("C:\Program Files\MiKTeX 2.9\tex\generic\pgf\libraries\pgflibraryplothandlers.
code.tex"
File: pgflibraryplothandlers.code.tex 2013/08/31 v3.0.1a (rcs-revision 1.20)
\pgf@plot@mark@count=\count132
\pgfplotmarksize=\dimen175
)
\tikz@lastx=\dimen176
\tikz@lasty=\dimen177
\tikz@lastxsaved=\dimen178
\tikz@lastysaved=\dimen179
\tikzleveldistance=\dimen180
\tikzsiblingdistance=\dimen181
\tikz@figbox=\box37
\tikz@figbox@bg=\box38
\tikz@tempbox=\box39
\tikz@tempbox@bg=\box40
\tikztreelevel=\count133
\tikznumberofchildren=\count134
\tikznumberofcurrentchild=\count135
\tikz@fig@count=\count136

("C:\Program Files\MiKTeX 2.9\tex\generic\pgf\modules\pgfmodulematrix.code.tex"
File: pgfmodulematrix.code.tex 2013/09/17  (rcs-revision 1.8)
\pgfmatrixcurrentrow=\count137
\pgfmatrixcurrentcolumn=\count138
\pgf@matrix@numberofcolumns=\count139
)
\tikz@expandcount=\count140

("C:\Program Files\MiKTeX 2.9\tex\generic\pgf\frontendlayer\tikz\libraries\tikz
librarytopaths.code.tex"
File: tikzlibrarytopaths.code.tex 2008/06/17 v3.0.1a (rcs-revision 1.2)
))))
(C:\ProgramData\texmfbosch\tex\latex\bosch\boschcolors.sty
Package: boschcolors 2018/02/13 v4.0.0 Bosch corporate design colors

Package: boschcolors, Stephan Simon, 2001-2017, 2018/02/13 v4.0.0 

Provides recommended colors of Bosch Corporate Design 2016:
BoschFuchsia100, BoschFuchsia050, BoschViolet100, BoschViolet050, BoschDarkBlue
100, BoschDarkBlue050, BoschLightBlue100, BoschLightBlue050, BoschTurquoise100,
 BoschTurquoise050, BoschLightGreen100, BoschLightGreen050, BoschDarkGreen100, 
BoschDarkGreen050, BoschDarkGray, BoschLightGray, BoschRed, LinkColor

Old colors of Bosch Corporate Design 2006:
DO NOT USE! ONLY FOR BACKWARD COMPATIBILITY!
BoschBlue100, BoschBlue100CMYK, BoschBlue075, BoschBlue075CMYK, BoschBlue050, B
oschBlue050CMYK, BoschBlue025, BoschBlue025CMYK, BoschBlueNews, BoschRedOld, Bo
schRedOldCMYK, BoschGray, BoschGrayCMYK, BoschLightGrayOld, BoschLightGrayOldCM
YK, BoschBackgGrayCMYK, BoschLightBlue, BoschLightBlueCMYK, BoschRedBrown, Bosc
hRedBrownCMYK, BoschYellowGreen, BoschYellowGreenCMYK, BoschPTGreenCMYK

("C:\Program Files\MiKTeX 2.9\tex\latex\algorithmicx\algorithmicx.sty"
Package: algorithmicx 2005/04/27 v1.2 Algorithmicx

Document Style algorithmicx 1.2 - a greatly improved `algorithmic' style
\c@ALG@line=\count141
\c@ALG@rem=\count142
\c@ALG@nested=\count143
\ALG@tlm=\skip119
\ALG@thistlm=\skip120
\c@ALG@Lnr=\count144
\c@ALG@blocknr=\count145
\c@ALG@storecount=\count146
\c@ALG@tmpcounter=\count147
\ALG@tmplength=\skip121
)) (C:\ProgramData\texmfbosch\tex\latex\bosch\boschtools.sty
Package: boschtools 2018/02/13 v4.0.0 Bosch tools

Package: boschtools, Stephan Simon, 2001-2017, 2018/02/13 v4.0.0 

\@RBigDestWdt=\skip122
\@RBigDestHgt=\skip123
\@RBigTryWdtA=\skip124
\@RBigTryWdtB=\skip125
\@RBigCurrWdt=\skip126
\@RBigCurrHgt=\skip127
\@RBigCurrDpt=\skip128
\@RBigTrimL=\skip129
\@RBigTrimR=\skip130
\@RBigTrimLR=\skip131
\@RBigTrimB=\skip132
\@RBigTrimT=\skip133
\@RBigTrimBT=\skip134
\@RBigSaveBoxA=\box41
\@RBigSaveBoxB=\box42
) (C:\ProgramData\texmfbosch\tex\latex\bosch\boschelements.sty
Package: boschelements 2018/02/13 v4.0.0 Bosch elements

Package: boschelements, Stephan Simon, 2001-2018, 2018/02/13 v4.0.0 

("C:\Program Files\MiKTeX 2.9\tex\latex\adjustbox\adjustbox.sty"
Package: adjustbox 2012/05/21 v1.0 Adjusting TeX boxes (trim, clip, ...)

("C:\Program Files\MiKTeX 2.9\tex\latex\xkeyval\xkeyval.sty"
Package: xkeyval 2014/12/03 v2.7a package option processing (HA)

("C:\Program Files\MiKTeX 2.9\tex\generic\xkeyval\xkeyval.tex"
("C:\Program Files\MiKTeX 2.9\tex\generic\xkeyval\xkvutils.tex"
\XKV@toks=\toks35
\XKV@tempa@toks=\toks36
)
\XKV@depth=\count148
File: xkeyval.tex 2014/12/03 v2.7a key=value parser (HA)
))
("C:\Program Files\MiKTeX 2.9\tex\latex\adjustbox\adjcalc.sty"
Package: adjcalc 2012/05/16 v1.1 Provides advanced setlength with multiple back
-ends (calc, etex, pgfmath)
)
("C:\Program Files\MiKTeX 2.9\tex\latex\adjustbox\trimclip.sty"
Package: trimclip 2012/05/16 v1.0 Trim and clip general TeX material

("C:\Program Files\MiKTeX 2.9\tex\latex\collectbox\collectbox.sty"
Package: collectbox 2012/05/17 v0.4b Collect macro arguments as boxes
\collectedbox=\box43
)
\tc@llx=\dimen182
\tc@lly=\dimen183
\tc@urx=\dimen184
\tc@ury=\dimen185
Package trimclip Info: Using driver 'tc-pdftex.def'.

("C:\Program Files\MiKTeX 2.9\tex\latex\adjustbox\tc-pdftex.def"
File: tc-pdftex.def 2012/05/13 v1.0 Clipping driver for pdftex
))
\adjbox@Width=\dimen186
\adjbox@Height=\dimen187
\adjbox@Depth=\dimen188
\adjbox@Totalheight=\dimen189

("C:\Program Files\MiKTeX 2.9\tex\latex\ifoddpage\ifoddpage.sty"
Package: ifoddpage 2016/04/23 v1.1 Conditionals for odd/even page detection
\c@checkoddpage=\count149
)
("C:\Program Files\MiKTeX 2.9\tex\latex\ltxmisc\varwidth.sty"
Package: varwidth 2009/03/30 ver 0.92;  Variable-width minipages
\@vwid@box=\box44
\sift@deathcycles=\count150
\@vwid@loff=\dimen190
\@vwid@roff=\dimen191
))
("C:\Program Files\MiKTeX 2.9\tex\latex\graphics\rotating.sty"
Package: rotating 2016/08/11 v2.16d rotated objects in LaTeX
\c@r@tfl@t=\count151
\rotFPtop=\skip135
\rotFPbot=\skip136
\rot@float@box=\box45
\rot@mess@toks=\toks37
)
("C:\Program Files\MiKTeX 2.9\tex\latex\readarray\readarray.sty"
Package: readarray 2016/11/07\ 2.0\ Routines for inputting 2D and 3D array data
 and recalling it on an element-by-element basis.

("C:\Program Files\MiKTeX 2.9\tex\latex\listofitems\listofitems.sty"
("C:\Program Files\MiKTeX 2.9\tex\generic\listofitems\listofitems.tex"
\loi_nestcnt=\count152
)
Package: listofitems 2016/11/18 v1.3 Grab items in lists using user-specified s
ep char
)
\c@@index=\count153
\c@@plane=\count154
\c@@row=\count155
\c@@col=\count156
\c@use@args=\count157
\c@@record=\count158
\c@arg@index=\count159
\c@break@count=\count160
\c@index@count=\count161
\c@loop@count=\count162
\Arg@toks=\toks38
\@arrayident@toks=\toks39
\rdar@file=\read2

readarray: bounds checking OFF
)
\@RBsgLen=\skip137
\@RBsgWid=\skip138
\@@x=\skip139
\@@y=\skip140
\@RBxA=\skip141
\@RBxB=\skip142
\@RBxC=\skip143
\@RBxD=\skip144
\@RBxS=\skip145
\@RByA=\skip146
\@RByB=\skip147
\@RByC=\skip148
\@RByD=\skip149
\@RBcbxWdtA=\skip150
\@RBcbxWdtB=\skip151
\@RBcbxWdtC=\skip152
\@RBcbxHgtA=\skip153
\@RBcbxHgtB=\skip154
\@RBcbxHgtC=\skip155
\@RBcbxXposA=\skip156
\@RBcbxXposB=\skip157
\@RBcbxXposC=\skip158
\@RBcbxYref=\skip159
\@RBcbxYsep=\skip160
\@RBcbxYsepTotal=\skip161
\@RBcbxYsepShift=\skip162
\@RBcbxHgtTotal=\skip163
\@RBcbxYposA=\skip164
\@RBcbxYposB=\skip165
\@RBcbxYposC=\skip166
\@RBcbxTxtHgtA=\skip167
\@RBcbxTxtHgtB=\skip168
\@RBcbxTxtHgtC=\skip169
\@RBcbxTxtDptA=\skip170
\@RBcbxTxtDptB=\skip171
\@RBcbxTxtDptC=\skip172
\@RBsaveCbxA=\box46
\@RBsaveCbxB=\box47
\@RBsaveCbxC=\box48
\c@@RBneedLF=\count163
\@RBtbxWdt=\skip173
\@RBtbxTxtHgtA=\skip174
\@RBtbxTxtHgtB=\skip175
\@RBtbxTxtHgtC=\skip176
\@RBtbxTxtDptA=\skip177
\@RBtbxTxtDptB=\skip178
\@RBtbxTxtDptC=\skip179
\@RBtbxTxtTotHgtA=\skip180
\@RBtbxTxtTotHgtB=\skip181
\@RBtbxTxtTotHgtC=\skip182
\@RBtbxHgtTotal=\skip183
\@RBtbxYsepAB=\skip184
\@RBtbxYsepBC=\skip185
\@RBsaveTxtA=\box49
\@RBsaveTxtB=\box50
\@RBsaveLenA=\skip186
\@RBsaveLenB=\skip187
\@RBdbxXpos=\skip188
\@RBdbxYref=\skip189
\@RBdbxYpos=\skip190
\@RBdbxWdt=\skip191
\@RBdbxHgtAvail=\skip192
\@RBsaveDbx=\box51
\@RBdbxHgt=\skip193
\@RBdbxDpt=\skip194
\@RBdbxHgtTotal=\skip195
\c@@RBneedDelim=\count164
\c@@cntLine=\count165
\gridPosX=\skip196
\gridPosY=\skip197
) (C:\ProgramData\texmfbosch\tex\latex\bosch\boschfeber.sty
Package: boschfeber 2018/02/13 v4.0.0 Bosch Feber report

Package: boschelements, Stephan Simon, 2001-2018, 2018/02/13 v4.0.0 

("C:\Program Files\MiKTeX 2.9\tex\latex\tabu\tabu.sty"
Package: tabu 2011/02/26 v2.8 - flexible LaTeX tabulars (FC)

("C:\Program Files\MiKTeX 2.9\tex\latex\tools\array.sty"
Package: array 2016/10/06 v2.4d Tabular extension package (FMi)
\col@sep=\dimen192
\extrarowheight=\dimen193
\NC@list=\toks40
\extratabsurround=\skip198
\backup@length=\skip199
)
\c@taburow=\count166
\tabu@nbcols=\count167
\tabu@cnt=\count168
\tabu@Xcol=\count169
\tabu@alloc=\count170
\tabu@nested=\count171
\tabu@target=\dimen194
\tabu@spreadtarget=\dimen195
\tabu@naturalX=\dimen196
\tabucolX=\dimen197
\tabu@Xsum=\dimen198
\extrarowdepth=\dimen199
\abovetabulinesep=\dimen256
\belowtabulinesep=\dimen257
\tabustrutrule=\dimen258
\tabu@thebody=\toks41
\tabu@footnotes=\toks42
\tabu@box=\box52
\tabu@arstrutbox=\box53
\tabu@hleads=\box54
\tabu@vleads=\box55
\tabu@cellskip=\skip256
)
("C:\Program Files\MiKTeX 2.9\tex\latex\colortbl\colortbl.sty"
Package: colortbl 2012/02/13 v1.0a Color table columns (DPC)
\everycr=\toks43
\minrowclearance=\skip257
)
("C:\Program Files\MiKTeX 2.9\tex\latex\tools\multicol.sty"
Package: multicol 2017/04/11 v1.8q multicolumn formatting (FMi)
\c@tracingmulticols=\count172
\mult@box=\box56
\multicol@leftmargin=\dimen259
\c@unbalance=\count173
\c@collectmore=\count174
\doublecol@number=\count175
\multicoltolerance=\count176
\multicolpretolerance=\count177
\full@width=\dimen260
\page@free=\dimen261
\premulticols=\dimen262
\postmulticols=\dimen263
\multicolsep=\skip258
\multicolbaselineskip=\skip259
\partial@page=\box57
\last@line=\box58
\maxbalancingoverflow=\dimen264
\mult@rightbox=\box59
\mult@grightbox=\box60
\mult@gfirstbox=\box61
\mult@firstbox=\box62
\@tempa=\box63
\@tempa=\box64
\@tempa=\box65
\@tempa=\box66
\@tempa=\box67
\@tempa=\box68
\@tempa=\box69
\@tempa=\box70
\@tempa=\box71
\@tempa=\box72
\@tempa=\box73
\@tempa=\box74
\@tempa=\box75
\@tempa=\box76
\@tempa=\box77
\@tempa=\box78
\@tempa=\box79
\c@columnbadness=\count178
\c@finalcolumnbadness=\count179
\last@try=\dimen265
\multicolovershoot=\dimen266
\multicolundershoot=\dimen267
\mult@nat@firstbox=\box80
\colbreak@box=\box81
\mc@col@check@num=\count180
)
\@RBfeberTabuW=\skip260
)
("C:\Program Files\MiKTeX 2.9\tex\latex\enumitem\enumitem.sty"
Package: enumitem 2011/09/28 v3.5.2 Customized lists
\labelindent=\skip261
\enit@outerparindent=\dimen268
\enit@toks=\toks44
\enit@inbox=\box82
\enitdp@description=\count181
)
("C:\Program Files\MiKTeX 2.9\tex\latex\amsfonts\amssymb.sty"
Package: amssymb 2013/01/14 v3.01 AMS font symbols

("C:\Program Files\MiKTeX 2.9\tex\latex\amsfonts\amsfonts.sty"
Package: amsfonts 2013/01/14 v3.01 Basic AMSFonts support
\symAMSa=\mathgroup4
\symAMSb=\mathgroup5
LaTeX Font Info:    Overwriting math alphabet `\mathfrak' in version `bold'
(Font)                  U/euf/m/n --> U/euf/b/n on input line 106.
))
("C:\Program Files\MiKTeX 2.9\tex\latex\lastpage\lastpage.sty"
Package: lastpage 2015/03/29 v1.2m Refers to last page's name (HMM; JPG)
){C:/Users/hoo6le/AppData/Local/MiKTeX/2.9/pdftex/config/pdftex.map}{C:/Program
Data/texmfbosch/fonts/map/dvips/bosch/boschofficesans.map}
boschcolors: using bright colors
boschcolors: base color is LightBlue
\@saveBoxLogo=\box83
\@saveBoxMyPic=\box84
Package hyperref Info: Option `colorlinks' set `true' on input line 263.
boschformat: using A4 portrait paper format
LaTeX Font Info:    Try loading font information for T1+put on input line 455.
("C:\Program Files\MiKTeX 2.9\tex\latex\psnfss\t1put.fd"
File: t1put.fd 2001/06/04 font definitions for T1/put.
)
Package typearea Info: These are the values describing the layout:
(typearea)             DIV  = 10
(typearea)             BCOR = 0.0pt
(typearea)             \paperwidth      = 598.14613pt
(typearea)              \textwidth      = 418.70232pt
(typearea)              DIV departure   = -2%
(typearea)              \evensidemargin = 17.45192pt
(typearea)              \oddsidemargin  = 17.45192pt
(typearea)             \paperheight     = 845.90547pt
(typearea)              \textheight     = 595.80026pt
(typearea)              \topmargin      = -25.07945pt
(typearea)              \headheight     = 17.0pt
(typearea)              \headsep        = 20.40001pt
(typearea)              \topskip        = 11.0pt
(typearea)              \footskip       = 47.6pt
(typearea)              \baselineskip   = 13.6pt
(typearea)              on input line 455.

boschcolors: base color is LightBlue
boschcolors: Supergraphic color is Multi
\yearcnt=\count182
)
<140823186EmptyRoad.jpg, id=4, 1204.5pt x 1204.5pt>
File: 140823186EmptyRoad.jpg Graphic file (type jpg)
<use 140823186EmptyRoad.jpg>
Package pdftex.def Info: 140823186EmptyRoad.jpg  used on input line 123. on inp
ut line 123.
Package pdftex.def Info: Requested size: 57.91275pt x 57.9137pt on input line 1
23.
File: 140823186EmptyRoad.jpg Graphic file (type jpg)
<use 140823186EmptyRoad.jpg>
Package pdftex.def Info: 140823186EmptyRoad.jpg  used on input line 123. on inp
ut line 123.
Package pdftex.def Info: Requested size: 57.91275pt x 57.91275pt on input line 
123.
File: 140823186EmptyRoad.jpg Graphic file (type jpg)
<use 140823186EmptyRoad.jpg>
Package pdftex.def Info: 140823186EmptyRoad.jpg  used on input line 123. on inp
ut line 123.
Package pdftex.def Info: Requested size: 57.91275pt x 57.9137pt on input line 1
23.
File: 140823186EmptyRoad.jpg Graphic file (type jpg)
<use 140823186EmptyRoad.jpg>
Package pdftex.def Info: 140823186EmptyRoad.jpg  used on input line 123. on inp
ut line 123.
Package pdftex.def Info: Requested size: 57.91275pt x 57.9137pt on input line 1
23.
 (PT_LOG_LISA_ScenarioBasedTotalDemandForecasting.aux

LaTeX Warning: Label `condprob' multiply defined.


LaTeX Warning: Label `tare' multiply defined.


LaTeX Warning: Label `fca' multiply defined.


LaTeX Warning: Label `fca2' multiply defined.


LaTeX Warning: Label `normwrmsse' multiply defined.


LaTeX Warning: Label `naiveforecast' multiply defined.


LaTeX Warning: Label `scaledpinballlossquantiles' multiply defined.

)
\openout1 = `PT_LOG_LISA_ScenarioBasedTotalDemandForecasting.aux'.

LaTeX Font Info:    Checking defaults for OML/cmm/m/it on input line 209.
LaTeX Font Info:    ... okay on input line 209.
LaTeX Font Info:    Checking defaults for T1/cmr/m/n on input line 209.
LaTeX Font Info:    ... okay on input line 209.
LaTeX Font Info:    Checking defaults for OT1/cmr/m/n on input line 209.
LaTeX Font Info:    ... okay on input line 209.
LaTeX Font Info:    Checking defaults for OMS/cmsy/m/n on input line 209.
LaTeX Font Info:    ... okay on input line 209.
LaTeX Font Info:    Checking defaults for OMX/cmex/m/n on input line 209.
LaTeX Font Info:    ... okay on input line 209.
LaTeX Font Info:    Checking defaults for U/cmr/m/n on input line 209.
LaTeX Font Info:    ... okay on input line 209.
LaTeX Font Info:    Checking defaults for PD1/pdf/m/n on input line 209.
LaTeX Font Info:    ... okay on input line 209.
Package caption Info: Begin \AtBeginDocument code.
Package caption Info: hyperref package is loaded.
Package caption Info: rotating package is loaded.
Package caption Info: End \AtBeginDocument code.
LaTeX Info: Redefining \microtypecontext on input line 209.
Package microtype Info: Generating PDF output.
Package microtype Info: Character protrusion enabled (level 2).
Package microtype Info: Using default protrusion set `alltext'.
Package microtype Info: Automatic font expansion enabled (level 2),
(microtype)             stretch: 20, shrink: 20, step: 1, non-selected.
Package microtype Info: Using default expansion set `basictext'.
Package microtype Info: No adjustment of tracking.
Package microtype Info: No adjustment of interword spacing.
Package microtype Info: No adjustment of character kerning.
Package microtype Info: Loading generic protrusion settings for font family
(microtype)             `put' (encoding: T1).
(microtype)             For optimal results, create family-specific settings.
(microtype)             See the microtype manual for details.
 ABD: EveryShipout initializing macros
("C:\Program Files\MiKTeX 2.9\tex\context\base\supp-pdf.mkii"
[Loading MPS to PDF converter (version 2006.09.02).]
\scratchcounter=\count183
\scratchdimen=\dimen269
\scratchbox=\box85
\nofMPsegments=\count184
\nofMParguments=\count185
\everyMPshowfont=\toks45
\MPscratchCnt=\count186
\MPscratchDim=\dimen270
\MPnumerator=\count187
\makeMPintoPDFobject=\count188
\everyMPtoPDFconversion=\toks46
) ("C:\Program Files\MiKTeX 2.9\tex\latex\oberdiek\epstopdf-base.sty"
Package: epstopdf-base 2016/05/15 v2.6 Base part for package epstopdf

("C:\Program Files\MiKTeX 2.9\tex\latex\oberdiek\grfext.sty"
Package: grfext 2016/05/16 v1.2 Manage graphics extensions (HO)
)
Package epstopdf-base Info: Redefining graphics rule for `.eps' on input line 4
38.
Package grfext Info: Graphics extension search list:
(grfext)             [.pdf,.png,.jpg,.mps,.jpeg,.jbig2,.jb2,.PDF,.PNG,.JPG,.JPE
G,.JBIG2,.JB2,.eps]
(grfext)             \AppendGraphicsExtensions on input line 456.
)
\AtBeginShipoutBox=\box86
Package hyperref Info: Link coloring ON on input line 209.

("C:\Program Files\MiKTeX 2.9\tex\latex\hyperref\nameref.sty"
Package: nameref 2016/05/21 v2.44 Cross-referencing by name of section

("C:\Program Files\MiKTeX 2.9\tex\generic\oberdiek\gettitlestring.sty"
Package: gettitlestring 2016/05/16 v1.5 Cleanup title references (HO)
)
\c@section@level=\count189
)
LaTeX Info: Redefining \ref on input line 209.
LaTeX Info: Redefining \pageref on input line 209.
LaTeX Info: Redefining \nameref on input line 209.

(PT_LOG_LISA_ScenarioBasedTotalDemandForecasting.out)
(PT_LOG_LISA_ScenarioBasedTotalDemandForecasting.out)
\@outlinefile=\write4
\openout4 = `PT_LOG_LISA_ScenarioBasedTotalDemandForecasting.out'.

Package lastpage Info: Please have a look at the pageslts package at
(lastpage)             https://www.ctan.org/pkg/pageslts
(lastpage)             ! on input line 209.

(PT_LOG_LISA_ScenarioBasedTotalDemandForecasting_Abstract.tex)
LaTeX Font Info:    Try loading font information for T1+fbo on input line 219.

(C:\ProgramData\texmfbosch\tex\latex\boschofficesans\t1fbo.fd
File: t1fbo.fd 2016/10/21 Fontinst v1.933 font definitions for T1/fbo.
)
Package microtype Info: Loading generic protrusion settings for font family
(microtype)             `fbo' (encoding: T1).
(microtype)             For optimal results, create family-specific settings.
(microtype)             See the microtype manual for details.
LaTeX Font Info:    Font shape `T1/fbo/bx/n' in size <10.95> not available
(Font)              Font shape `T1/fbo/b/n' tried instead on input line 219.

(PT_LOG_LISA_ScenarioBasedTotalDemandForecasting_Introduction.tex)
("C:\Program Files\MiKTeX 2.9\tex\latex\microtype\mt-cmr.cfg"
File: mt-cmr.cfg 2013/05/19 v2.2 microtype config. file: Computer Modern Roman 
(RS)
)
LaTeX Font Info:    Try loading font information for U+msa on input line 231.

("C:\Program Files\MiKTeX 2.9\tex\latex\amsfonts\umsa.fd"
File: umsa.fd 2013/01/14 v3.01 AMS symbols A
)
("C:\Program Files\MiKTeX 2.9\tex\latex\microtype\mt-msa.cfg"
File: mt-msa.cfg 2006/02/04 v1.1 microtype config. file: AMS symbols (a) (RS)
)
LaTeX Font Info:    Try loading font information for U+msb on input line 231.

("C:\Program Files\MiKTeX 2.9\tex\latex\amsfonts\umsb.fd"
File: umsb.fd 2013/01/14 v3.01 AMS symbols B
)
("C:\Program Files\MiKTeX 2.9\tex\latex\microtype\mt-msb.cfg"
File: mt-msb.cfg 2005/06/01 v1.0 microtype config. file: AMS symbols (b) (RS)
)

Package amsfonts Warning: Obsolete command \frak; \mathfrak should be used inst
ead on input line 231.

LaTeX Font Info:    Try loading font information for U+euf on input line 231.
("C:\Program Files\MiKTeX 2.9\tex\latex\amsfonts\ueuf.fd"
File: ueuf.fd 2013/01/14 v3.01 Euler Fraktur
)
("C:\Program Files\MiKTeX 2.9\tex\latex\microtype\mt-euf.cfg"
File: mt-euf.cfg 2006/07/03 v1.1 microtype config. file: AMS Euler Fraktur (RS)

)
LaTeX Font Info:    Font shape `T1/put/bx/n' in size <10.95> not available
(Font)              Font shape `T1/put/b/n' tried instead on input line 238.
File: 140823186EmptyRoad.jpg Graphic file (type jpg)
<use 140823186EmptyRoad.jpg>
Package pdftex.def Info: 140823186EmptyRoad.jpg  used on input line 250. on inp
ut line 250.
Package pdftex.def Info: Requested size: 57.91275pt x 57.9137pt on input line 2
50.
File: 140823186EmptyRoad.jpg Graphic file (type jpg)
<use 140823186EmptyRoad.jpg>
Package pdftex.def Info: 140823186EmptyRoad.jpg  used on input line 250. on inp
ut line 250.
Package pdftex.def Info: Requested size: 57.91275pt x 57.91275pt on input line 
250.
File: 140823186EmptyRoad.jpg Graphic file (type jpg)
<use 140823186EmptyRoad.jpg>
Package pdftex.def Info: 140823186EmptyRoad.jpg  used on input line 250. on inp
ut line 250.
Package pdftex.def Info: Requested size: 57.91275pt x 57.9137pt on input line 2
50.
File: 140823186EmptyRoad.jpg Graphic file (type jpg)
<use 140823186EmptyRoad.jpg>
Package pdftex.def Info: 140823186EmptyRoad.jpg  used on input line 250. on inp
ut line 250.
Package pdftex.def Info: Requested size: 57.91275pt x 57.9137pt on input line 2
50.
<Bosch_4C_S.pdf, id=71, pagebox=cropbox, 426.7905pt x 94.84132pt>
File: Bosch_4C_S.pdf Graphic file (type pdf)
<use Bosch_4C_S.pdf>
Package pdftex.def Info: Bosch_4C_S.pdf  used on input line 250. on input line 
250.
Package pdftex.def Info: Requested size: 82.25192pt x 18.27762pt on input line 
250.
File: Bosch_4C_S.pdf Graphic file (type pdf)
<use Bosch_4C_S.pdf>
Package pdftex.def Info: Bosch_4C_S.pdf  used on input line 250. on input line 
250.
Package pdftex.def Info: Requested size: 82.25192pt x 18.27762pt on input line 
250.
File: Bosch_4C_S.pdf Graphic file (type pdf)
<use Bosch_4C_S.pdf>
Package pdftex.def Info: Bosch_4C_S.pdf  used on input line 250. on input line 
250.
Package pdftex.def Info: Requested size: 82.25021pt x 18.27762pt on input line 
250.
File: Bosch_4C_S.pdf Graphic file (type pdf)
<use Bosch_4C_S.pdf>
Package pdftex.def Info: Bosch_4C_S.pdf  used on input line 250. on input line 
250.
Package pdftex.def Info: Requested size: 82.25192pt x 18.27762pt on input line 
250.
<Bosch-Supergraphic.pdf, id=72, pagebox=cropbox, 1195.01755pt x 506.45813pt>
File: Bosch-Supergraphic.pdf Graphic file (type pdf)
<use Bosch-Supergraphic.pdf>
Package pdftex.def Info: Bosch-Supergraphic.pdf  used on input line 250. on inp
ut line 250.
Package pdftex.def Info: Requested size: 598.14613pt x 253.4989pt on input line
 250.
File: Bosch-Supergraphic.pdf Graphic file (type pdf)
<use Bosch-Supergraphic.pdf>
Package pdftex.def Info: Bosch-Supergraphic.pdf  used on input line 250. on inp
ut line 250.
Package pdftex.def Info: Requested size: 28.7193pt x 12.17804pt on input line 2
50.
File: Bosch-Supergraphic.pdf Graphic file (type pdf)
<use Bosch-Supergraphic.pdf>
Package pdftex.def Info: Bosch-Supergraphic.pdf  used on input line 250. on inp
ut line 250.
Package pdftex.def Info: Requested size: 598.14613pt x 253.4989pt on input line
 250.
LaTeX Font Info:    Font shape `T1/fbo/bx/n' in size <14> not available
(Font)              Font shape `T1/fbo/b/n' tried instead on input line 250.

Underfull \hbox (badness 10000) has occurred while \output is active
[]
 []

LaTeX Font Info:    Font shape `T1/fbo/bx/n' in size <8> not available
(Font)              Font shape `T1/fbo/b/n' tried instead on input line 250.

Underfull \hbox (badness 10000) has occurred while \output is active
$[]$ []
 []

[1



 <C:/ProgramData/texmfbosch/tex/generic/images/bosch/CD2016Graphics/Bosch_4C_S.
pdf> <C:/ProgramData/texmfbosch/tex/generic/images/bosch/StephanSimon/140823186
EmptyRoad.jpg> <C:/ProgramData/texmfbosch/tex/generic/images/bosch/CD2016Graphi
cs/Bosch-Supergraphic.pdf>]
<pics/RNN_DeepAR.png, id=142, 630.10406pt x 161.85469pt>
File: pics/RNN_DeepAR.png Graphic file (type png)
<use pics/RNN_DeepAR.png>
Package pdftex.def Info: pics/RNN_DeepAR.png  used on input line 261. on input 
line 261.
Package pdftex.def Info: Requested size: 538.34615pt x 138.29333pt on input lin
e 261.
LaTeX Font Info:    Font shape `T1/put/bx/n' in size <10> not available
(Font)              Font shape `T1/put/b/n' tried instead on input line 262.
File: 140823186EmptyRoad.jpg Graphic file (type jpg)
<use 140823186EmptyRoad.jpg>
Package pdftex.def Info: 140823186EmptyRoad.jpg  used on input line 288. on inp
ut line 288.
Package pdftex.def Info: Requested size: 57.91275pt x 57.9137pt on input line 2
88.
File: 140823186EmptyRoad.jpg Graphic file (type jpg)
<use 140823186EmptyRoad.jpg>
Package pdftex.def Info: 140823186EmptyRoad.jpg  used on input line 288. on inp
ut line 288.
Package pdftex.def Info: Requested size: 57.91275pt x 57.91275pt on input line 
288.
File: 140823186EmptyRoad.jpg Graphic file (type jpg)
<use 140823186EmptyRoad.jpg>
Package pdftex.def Info: 140823186EmptyRoad.jpg  used on input line 288. on inp
ut line 288.
Package pdftex.def Info: Requested size: 57.91275pt x 57.9137pt on input line 2
88.
File: 140823186EmptyRoad.jpg Graphic file (type jpg)
<use 140823186EmptyRoad.jpg>
Package pdftex.def Info: 140823186EmptyRoad.jpg  used on input line 288. on inp
ut line 288.
Package pdftex.def Info: Requested size: 57.91275pt x 57.9137pt on input line 2
88.
File: Bosch_4C_S.pdf Graphic file (type pdf)
<use Bosch_4C_S.pdf>
Package pdftex.def Info: Bosch_4C_S.pdf  used on input line 288. on input line 
288.
Package pdftex.def Info: Requested size: 82.25192pt x 18.27762pt on input line 
288.
File: Bosch_4C_S.pdf Graphic file (type pdf)
<use Bosch_4C_S.pdf>
Package pdftex.def Info: Bosch_4C_S.pdf  used on input line 288. on input line 
288.
Package pdftex.def Info: Requested size: 82.25192pt x 18.27762pt on input line 
288.
File: Bosch_4C_S.pdf Graphic file (type pdf)
<use Bosch_4C_S.pdf>
Package pdftex.def Info: Bosch_4C_S.pdf  used on input line 288. on input line 
288.
Package pdftex.def Info: Requested size: 82.25021pt x 18.27762pt on input line 
288.
File: Bosch_4C_S.pdf Graphic file (type pdf)
<use Bosch_4C_S.pdf>
Package pdftex.def Info: Bosch_4C_S.pdf  used on input line 288. on input line 
288.
Package pdftex.def Info: Requested size: 82.25192pt x 18.27762pt on input line 
288.
File: Bosch-Supergraphic.pdf Graphic file (type pdf)
<use Bosch-Supergraphic.pdf>
Package pdftex.def Info: Bosch-Supergraphic.pdf  used on input line 288. on inp
ut line 288.
Package pdftex.def Info: Requested size: 598.14613pt x 253.4989pt on input line
 288.
File: Bosch-Supergraphic.pdf Graphic file (type pdf)
<use Bosch-Supergraphic.pdf>
Package pdftex.def Info: Bosch-Supergraphic.pdf  used on input line 288. on inp
ut line 288.
Package pdftex.def Info: Requested size: 28.7193pt x 12.17804pt on input line 2
88.
File: Bosch-Supergraphic.pdf Graphic file (type pdf)
<use Bosch-Supergraphic.pdf>
Package pdftex.def Info: Bosch-Supergraphic.pdf  used on input line 288. on inp
ut line 288.
Package pdftex.def Info: Requested size: 598.14613pt x 253.4989pt on input line
 288.

Underfull \hbox (badness 10000) has occurred while \output is active
[]
 []


Underfull \hbox (badness 10000) has occurred while \output is active
$[]$ []
 []

[2 <./pics/RNN_DeepAR.png>]
File: 140823186EmptyRoad.jpg Graphic file (type jpg)
<use 140823186EmptyRoad.jpg>
Package pdftex.def Info: 140823186EmptyRoad.jpg  used on input line 334. on inp
ut line 334.
Package pdftex.def Info: Requested size: 57.91275pt x 57.9137pt on input line 3
34.
File: 140823186EmptyRoad.jpg Graphic file (type jpg)
<use 140823186EmptyRoad.jpg>
Package pdftex.def Info: 140823186EmptyRoad.jpg  used on input line 334. on inp
ut line 334.
Package pdftex.def Info: Requested size: 57.91275pt x 57.91275pt on input line 
334.
File: 140823186EmptyRoad.jpg Graphic file (type jpg)
<use 140823186EmptyRoad.jpg>
Package pdftex.def Info: 140823186EmptyRoad.jpg  used on input line 334. on inp
ut line 334.
Package pdftex.def Info: Requested size: 57.91275pt x 57.9137pt on input line 3
34.
File: 140823186EmptyRoad.jpg Graphic file (type jpg)
<use 140823186EmptyRoad.jpg>
Package pdftex.def Info: 140823186EmptyRoad.jpg  used on input line 334. on inp
ut line 334.
Package pdftex.def Info: Requested size: 57.91275pt x 57.9137pt on input line 3
34.
File: Bosch_4C_S.pdf Graphic file (type pdf)
<use Bosch_4C_S.pdf>
Package pdftex.def Info: Bosch_4C_S.pdf  used on input line 334. on input line 
334.
Package pdftex.def Info: Requested size: 82.25192pt x 18.27762pt on input line 
334.
File: Bosch_4C_S.pdf Graphic file (type pdf)
<use Bosch_4C_S.pdf>
Package pdftex.def Info: Bosch_4C_S.pdf  used on input line 334. on input line 
334.
Package pdftex.def Info: Requested size: 82.25192pt x 18.27762pt on input line 
334.
File: Bosch_4C_S.pdf Graphic file (type pdf)
<use Bosch_4C_S.pdf>
Package pdftex.def Info: Bosch_4C_S.pdf  used on input line 334. on input line 
334.
Package pdftex.def Info: Requested size: 82.25021pt x 18.27762pt on input line 
334.
File: Bosch_4C_S.pdf Graphic file (type pdf)
<use Bosch_4C_S.pdf>
Package pdftex.def Info: Bosch_4C_S.pdf  used on input line 334. on input line 
334.
Package pdftex.def Info: Requested size: 82.25192pt x 18.27762pt on input line 
334.
File: Bosch-Supergraphic.pdf Graphic file (type pdf)
<use Bosch-Supergraphic.pdf>
Package pdftex.def Info: Bosch-Supergraphic.pdf  used on input line 334. on inp
ut line 334.
Package pdftex.def Info: Requested size: 598.14613pt x 253.4989pt on input line
 334.
File: Bosch-Supergraphic.pdf Graphic file (type pdf)
<use Bosch-Supergraphic.pdf>
Package pdftex.def Info: Bosch-Supergraphic.pdf  used on input line 334. on inp
ut line 334.
Package pdftex.def Info: Requested size: 28.7193pt x 12.17804pt on input line 3
34.
File: Bosch-Supergraphic.pdf Graphic file (type pdf)
<use Bosch-Supergraphic.pdf>
Package pdftex.def Info: Bosch-Supergraphic.pdf  used on input line 334. on inp
ut line 334.
Package pdftex.def Info: Requested size: 598.14613pt x 253.4989pt on input line
 334.

Underfull \hbox (badness 10000) has occurred while \output is active
[]
 []


Underfull \hbox (badness 10000) has occurred while \output is active
$[]$ []
 []

[3]
LaTeX Font Info:    Try loading font information for U+mvs on input line 362.
 ("C:\Program Files\MiKTeX 2.9\tex\latex\marvosym\umvs.fd")
("C:\Program Files\MiKTeX 2.9\tex\latex\microtype\mt-mvs.cfg"
File: mt-mvs.cfg 2006/07/05 v1.1 microtype config. file: Marvosym Euro (RS)
)
<pics/RNN_NormFlow_Zalando.png, id=199, 313.17pt x 174.6525pt>
File: pics/RNN_NormFlow_Zalando.png Graphic file (type png)
<use pics/RNN_NormFlow_Zalando.png>
Package pdftex.def Info: pics/RNN_NormFlow_Zalando.png  used on input line 375.
 on input line 375.
Package pdftex.def Info: Requested size: 255.71358pt x 142.61368pt on input lin
e 375.
<pics/Transformer_NormFlow_Zalando.png, id=202, 309.40594pt x 178.41656pt>
File: pics/Transformer_NormFlow_Zalando.png Graphic file (type png)
<use pics/Transformer_NormFlow_Zalando.png>
Package pdftex.def Info: pics/Transformer_NormFlow_Zalando.png  used on input l
ine 381. on input line 381.
Package pdftex.def Info: Requested size: 255.71358pt x 147.45953pt on input lin
e 381.
File: 140823186EmptyRoad.jpg Graphic file (type jpg)
<use 140823186EmptyRoad.jpg>
Package pdftex.def Info: 140823186EmptyRoad.jpg  used on input line 387. on inp
ut line 387.
Package pdftex.def Info: Requested size: 57.91275pt x 57.9137pt on input line 3
87.
File: 140823186EmptyRoad.jpg Graphic file (type jpg)
<use 140823186EmptyRoad.jpg>
Package pdftex.def Info: 140823186EmptyRoad.jpg  used on input line 387. on inp
ut line 387.
Package pdftex.def Info: Requested size: 57.91275pt x 57.91275pt on input line 
387.
File: 140823186EmptyRoad.jpg Graphic file (type jpg)
<use 140823186EmptyRoad.jpg>
Package pdftex.def Info: 140823186EmptyRoad.jpg  used on input line 387. on inp
ut line 387.
Package pdftex.def Info: Requested size: 57.91275pt x 57.9137pt on input line 3
87.
File: 140823186EmptyRoad.jpg Graphic file (type jpg)
<use 140823186EmptyRoad.jpg>
Package pdftex.def Info: 140823186EmptyRoad.jpg  used on input line 387. on inp
ut line 387.
Package pdftex.def Info: Requested size: 57.91275pt x 57.9137pt on input line 3
87.
File: Bosch_4C_S.pdf Graphic file (type pdf)
<use Bosch_4C_S.pdf>
Package pdftex.def Info: Bosch_4C_S.pdf  used on input line 387. on input line 
387.
Package pdftex.def Info: Requested size: 82.25192pt x 18.27762pt on input line 
387.
File: Bosch_4C_S.pdf Graphic file (type pdf)
<use Bosch_4C_S.pdf>
Package pdftex.def Info: Bosch_4C_S.pdf  used on input line 387. on input line 
387.
Package pdftex.def Info: Requested size: 82.25192pt x 18.27762pt on input line 
387.
File: Bosch_4C_S.pdf Graphic file (type pdf)
<use Bosch_4C_S.pdf>
Package pdftex.def Info: Bosch_4C_S.pdf  used on input line 387. on input line 
387.
Package pdftex.def Info: Requested size: 82.25021pt x 18.27762pt on input line 
387.
File: Bosch_4C_S.pdf Graphic file (type pdf)
<use Bosch_4C_S.pdf>
Package pdftex.def Info: Bosch_4C_S.pdf  used on input line 387. on input line 
387.
Package pdftex.def Info: Requested size: 82.25192pt x 18.27762pt on input line 
387.
File: Bosch-Supergraphic.pdf Graphic file (type pdf)
<use Bosch-Supergraphic.pdf>
Package pdftex.def Info: Bosch-Supergraphic.pdf  used on input line 387. on inp
ut line 387.
Package pdftex.def Info: Requested size: 598.14613pt x 253.4989pt on input line
 387.
File: Bosch-Supergraphic.pdf Graphic file (type pdf)
<use Bosch-Supergraphic.pdf>
Package pdftex.def Info: Bosch-Supergraphic.pdf  used on input line 387. on inp
ut line 387.
Package pdftex.def Info: Requested size: 28.7193pt x 12.17804pt on input line 3
87.
File: Bosch-Supergraphic.pdf Graphic file (type pdf)
<use Bosch-Supergraphic.pdf>
Package pdftex.def Info: Bosch-Supergraphic.pdf  used on input line 387. on inp
ut line 387.
Package pdftex.def Info: Requested size: 598.14613pt x 253.4989pt on input line
 387.

Underfull \hbox (badness 10000) has occurred while \output is active
[]
 []


Underfull \hbox (badness 10000) has occurred while \output is active
$[]$ []
 []

[4]
<pics/RealNVP.png, id=229, 509.65407pt x 261.97874pt>
File: pics/RealNVP.png Graphic file (type png)
<use pics/RealNVP.png>
Package pdftex.def Info: pics/RealNVP.png  used on input line 407. on input lin
e 407.
Package pdftex.def Info: Requested size: 484.50824pt x 249.06627pt on input lin
e 407.
File: 140823186EmptyRoad.jpg Graphic file (type jpg)
<use 140823186EmptyRoad.jpg>
Package pdftex.def Info: 140823186EmptyRoad.jpg  used on input line 433. on inp
ut line 433.
Package pdftex.def Info: Requested size: 57.91275pt x 57.9137pt on input line 4
33.
File: 140823186EmptyRoad.jpg Graphic file (type jpg)
<use 140823186EmptyRoad.jpg>
Package pdftex.def Info: 140823186EmptyRoad.jpg  used on input line 433. on inp
ut line 433.
Package pdftex.def Info: Requested size: 57.91275pt x 57.91275pt on input line 
433.
File: 140823186EmptyRoad.jpg Graphic file (type jpg)
<use 140823186EmptyRoad.jpg>
Package pdftex.def Info: 140823186EmptyRoad.jpg  used on input line 433. on inp
ut line 433.
Package pdftex.def Info: Requested size: 57.91275pt x 57.9137pt on input line 4
33.
File: 140823186EmptyRoad.jpg Graphic file (type jpg)
<use 140823186EmptyRoad.jpg>
Package pdftex.def Info: 140823186EmptyRoad.jpg  used on input line 433. on inp
ut line 433.
Package pdftex.def Info: Requested size: 57.91275pt x 57.9137pt on input line 4
33.
File: Bosch_4C_S.pdf Graphic file (type pdf)
<use Bosch_4C_S.pdf>
Package pdftex.def Info: Bosch_4C_S.pdf  used on input line 433. on input line 
433.
Package pdftex.def Info: Requested size: 82.25192pt x 18.27762pt on input line 
433.
File: Bosch_4C_S.pdf Graphic file (type pdf)
<use Bosch_4C_S.pdf>
Package pdftex.def Info: Bosch_4C_S.pdf  used on input line 433. on input line 
433.
Package pdftex.def Info: Requested size: 82.25192pt x 18.27762pt on input line 
433.
File: Bosch_4C_S.pdf Graphic file (type pdf)
<use Bosch_4C_S.pdf>
Package pdftex.def Info: Bosch_4C_S.pdf  used on input line 433. on input line 
433.
Package pdftex.def Info: Requested size: 82.25021pt x 18.27762pt on input line 
433.
File: Bosch_4C_S.pdf Graphic file (type pdf)
<use Bosch_4C_S.pdf>
Package pdftex.def Info: Bosch_4C_S.pdf  used on input line 433. on input line 
433.
Package pdftex.def Info: Requested size: 82.25192pt x 18.27762pt on input line 
433.
File: Bosch-Supergraphic.pdf Graphic file (type pdf)
<use Bosch-Supergraphic.pdf>
Package pdftex.def Info: Bosch-Supergraphic.pdf  used on input line 433. on inp
ut line 433.
Package pdftex.def Info: Requested size: 598.14613pt x 253.4989pt on input line
 433.
File: Bosch-Supergraphic.pdf Graphic file (type pdf)
<use Bosch-Supergraphic.pdf>
Package pdftex.def Info: Bosch-Supergraphic.pdf  used on input line 433. on inp
ut line 433.
Package pdftex.def Info: Requested size: 28.7193pt x 12.17804pt on input line 4
33.
File: Bosch-Supergraphic.pdf Graphic file (type pdf)
<use Bosch-Supergraphic.pdf>
Package pdftex.def Info: Bosch-Supergraphic.pdf  used on input line 433. on inp
ut line 433.
Package pdftex.def Info: Requested size: 598.14613pt x 253.4989pt on input line
 433.

Underfull \hbox (badness 10000) has occurred while \output is active
[]
 []


Underfull \hbox (badness 10000) has occurred while \output is active
$[]$ []
 []

[5 <./pics/RNN_NormFlow_Zalando.png> <./pics/Transformer_NormFlow_Zalando.png>]
File: 140823186EmptyRoad.jpg Graphic file (type jpg)
<use 140823186EmptyRoad.jpg>
Package pdftex.def Info: 140823186EmptyRoad.jpg  used on input line 458. on inp
ut line 458.
Package pdftex.def Info: Requested size: 57.91275pt x 57.9137pt on input line 4
58.
File: 140823186EmptyRoad.jpg Graphic file (type jpg)
<use 140823186EmptyRoad.jpg>
Package pdftex.def Info: 140823186EmptyRoad.jpg  used on input line 458. on inp
ut line 458.
Package pdftex.def Info: Requested size: 57.91275pt x 57.91275pt on input line 
458.
File: 140823186EmptyRoad.jpg Graphic file (type jpg)
<use 140823186EmptyRoad.jpg>
Package pdftex.def Info: 140823186EmptyRoad.jpg  used on input line 458. on inp
ut line 458.
Package pdftex.def Info: Requested size: 57.91275pt x 57.9137pt on input line 4
58.
File: 140823186EmptyRoad.jpg Graphic file (type jpg)
<use 140823186EmptyRoad.jpg>
Package pdftex.def Info: 140823186EmptyRoad.jpg  used on input line 458. on inp
ut line 458.
Package pdftex.def Info: Requested size: 57.91275pt x 57.9137pt on input line 4
58.
File: Bosch_4C_S.pdf Graphic file (type pdf)
<use Bosch_4C_S.pdf>
Package pdftex.def Info: Bosch_4C_S.pdf  used on input line 458. on input line 
458.
Package pdftex.def Info: Requested size: 82.25192pt x 18.27762pt on input line 
458.
File: Bosch_4C_S.pdf Graphic file (type pdf)
<use Bosch_4C_S.pdf>
Package pdftex.def Info: Bosch_4C_S.pdf  used on input line 458. on input line 
458.
Package pdftex.def Info: Requested size: 82.25192pt x 18.27762pt on input line 
458.
File: Bosch_4C_S.pdf Graphic file (type pdf)
<use Bosch_4C_S.pdf>
Package pdftex.def Info: Bosch_4C_S.pdf  used on input line 458. on input line 
458.
Package pdftex.def Info: Requested size: 82.25021pt x 18.27762pt on input line 
458.
File: Bosch_4C_S.pdf Graphic file (type pdf)
<use Bosch_4C_S.pdf>
Package pdftex.def Info: Bosch_4C_S.pdf  used on input line 458. on input line 
458.
Package pdftex.def Info: Requested size: 82.25192pt x 18.27762pt on input line 
458.
File: Bosch-Supergraphic.pdf Graphic file (type pdf)
<use Bosch-Supergraphic.pdf>
Package pdftex.def Info: Bosch-Supergraphic.pdf  used on input line 458. on inp
ut line 458.
Package pdftex.def Info: Requested size: 598.14613pt x 253.4989pt on input line
 458.
File: Bosch-Supergraphic.pdf Graphic file (type pdf)
<use Bosch-Supergraphic.pdf>
Package pdftex.def Info: Bosch-Supergraphic.pdf  used on input line 458. on inp
ut line 458.
Package pdftex.def Info: Requested size: 28.7193pt x 12.17804pt on input line 4
58.
File: Bosch-Supergraphic.pdf Graphic file (type pdf)
<use Bosch-Supergraphic.pdf>
Package pdftex.def Info: Bosch-Supergraphic.pdf  used on input line 458. on inp
ut line 458.
Package pdftex.def Info: Requested size: 598.14613pt x 253.4989pt on input line
 458.

Underfull \hbox (badness 10000) has occurred while \output is active
[]
 []


Underfull \hbox (badness 10000) has occurred while \output is active
$[]$ []
 []

[6 <./pics/RealNVP.png>]
File: 140823186EmptyRoad.jpg Graphic file (type jpg)
<use 140823186EmptyRoad.jpg>
Package pdftex.def Info: 140823186EmptyRoad.jpg  used on input line 517. on inp
ut line 517.
Package pdftex.def Info: Requested size: 57.91275pt x 57.9137pt on input line 5
17.
File: 140823186EmptyRoad.jpg Graphic file (type jpg)
<use 140823186EmptyRoad.jpg>
Package pdftex.def Info: 140823186EmptyRoad.jpg  used on input line 517. on inp
ut line 517.
Package pdftex.def Info: Requested size: 57.91275pt x 57.91275pt on input line 
517.
File: 140823186EmptyRoad.jpg Graphic file (type jpg)
<use 140823186EmptyRoad.jpg>
Package pdftex.def Info: 140823186EmptyRoad.jpg  used on input line 517. on inp
ut line 517.
Package pdftex.def Info: Requested size: 57.91275pt x 57.9137pt on input line 5
17.
File: 140823186EmptyRoad.jpg Graphic file (type jpg)
<use 140823186EmptyRoad.jpg>
Package pdftex.def Info: 140823186EmptyRoad.jpg  used on input line 517. on inp
ut line 517.
Package pdftex.def Info: Requested size: 57.91275pt x 57.9137pt on input line 5
17.
File: Bosch_4C_S.pdf Graphic file (type pdf)
<use Bosch_4C_S.pdf>
Package pdftex.def Info: Bosch_4C_S.pdf  used on input line 517. on input line 
517.
Package pdftex.def Info: Requested size: 82.25192pt x 18.27762pt on input line 
517.
File: Bosch_4C_S.pdf Graphic file (type pdf)
<use Bosch_4C_S.pdf>
Package pdftex.def Info: Bosch_4C_S.pdf  used on input line 517. on input line 
517.
Package pdftex.def Info: Requested size: 82.25192pt x 18.27762pt on input line 
517.
File: Bosch_4C_S.pdf Graphic file (type pdf)
<use Bosch_4C_S.pdf>
Package pdftex.def Info: Bosch_4C_S.pdf  used on input line 517. on input line 
517.
Package pdftex.def Info: Requested size: 82.25021pt x 18.27762pt on input line 
517.
File: Bosch_4C_S.pdf Graphic file (type pdf)
<use Bosch_4C_S.pdf>
Package pdftex.def Info: Bosch_4C_S.pdf  used on input line 517. on input line 
517.
Package pdftex.def Info: Requested size: 82.25192pt x 18.27762pt on input line 
517.
File: Bosch-Supergraphic.pdf Graphic file (type pdf)
<use Bosch-Supergraphic.pdf>
Package pdftex.def Info: Bosch-Supergraphic.pdf  used on input line 517. on inp
ut line 517.
Package pdftex.def Info: Requested size: 598.14613pt x 253.4989pt on input line
 517.
File: Bosch-Supergraphic.pdf Graphic file (type pdf)
<use Bosch-Supergraphic.pdf>
Package pdftex.def Info: Bosch-Supergraphic.pdf  used on input line 517. on inp
ut line 517.
Package pdftex.def Info: Requested size: 28.7193pt x 12.17804pt on input line 5
17.
File: Bosch-Supergraphic.pdf Graphic file (type pdf)
<use Bosch-Supergraphic.pdf>
Package pdftex.def Info: Bosch-Supergraphic.pdf  used on input line 517. on inp
ut line 517.
Package pdftex.def Info: Requested size: 598.14613pt x 253.4989pt on input line
 517.

Underfull \hbox (badness 10000) has occurred while \output is active
[]
 []


Underfull \hbox (badness 10000) has occurred while \output is active
$[]$ []
 []

[7]
File: 140823186EmptyRoad.jpg Graphic file (type jpg)
<use 140823186EmptyRoad.jpg>
Package pdftex.def Info: 140823186EmptyRoad.jpg  used on input line 592. on inp
ut line 592.
Package pdftex.def Info: Requested size: 57.91275pt x 57.9137pt on input line 5
92.
File: 140823186EmptyRoad.jpg Graphic file (type jpg)
<use 140823186EmptyRoad.jpg>
Package pdftex.def Info: 140823186EmptyRoad.jpg  used on input line 592. on inp
ut line 592.
Package pdftex.def Info: Requested size: 57.91275pt x 57.91275pt on input line 
592.
File: 140823186EmptyRoad.jpg Graphic file (type jpg)
<use 140823186EmptyRoad.jpg>
Package pdftex.def Info: 140823186EmptyRoad.jpg  used on input line 592. on inp
ut line 592.
Package pdftex.def Info: Requested size: 57.91275pt x 57.9137pt on input line 5
92.
File: 140823186EmptyRoad.jpg Graphic file (type jpg)
<use 140823186EmptyRoad.jpg>
Package pdftex.def Info: 140823186EmptyRoad.jpg  used on input line 592. on inp
ut line 592.
Package pdftex.def Info: Requested size: 57.91275pt x 57.9137pt on input line 5
92.
File: Bosch_4C_S.pdf Graphic file (type pdf)
<use Bosch_4C_S.pdf>
Package pdftex.def Info: Bosch_4C_S.pdf  used on input line 592. on input line 
592.
Package pdftex.def Info: Requested size: 82.25192pt x 18.27762pt on input line 
592.
File: Bosch_4C_S.pdf Graphic file (type pdf)
<use Bosch_4C_S.pdf>
Package pdftex.def Info: Bosch_4C_S.pdf  used on input line 592. on input line 
592.
Package pdftex.def Info: Requested size: 82.25192pt x 18.27762pt on input line 
592.
File: Bosch_4C_S.pdf Graphic file (type pdf)
<use Bosch_4C_S.pdf>
Package pdftex.def Info: Bosch_4C_S.pdf  used on input line 592. on input line 
592.
Package pdftex.def Info: Requested size: 82.25021pt x 18.27762pt on input line 
592.
File: Bosch_4C_S.pdf Graphic file (type pdf)
<use Bosch_4C_S.pdf>
Package pdftex.def Info: Bosch_4C_S.pdf  used on input line 592. on input line 
592.
Package pdftex.def Info: Requested size: 82.25192pt x 18.27762pt on input line 
592.
File: Bosch-Supergraphic.pdf Graphic file (type pdf)
<use Bosch-Supergraphic.pdf>
Package pdftex.def Info: Bosch-Supergraphic.pdf  used on input line 592. on inp
ut line 592.
Package pdftex.def Info: Requested size: 598.14613pt x 253.4989pt on input line
 592.
File: Bosch-Supergraphic.pdf Graphic file (type pdf)
<use Bosch-Supergraphic.pdf>
Package pdftex.def Info: Bosch-Supergraphic.pdf  used on input line 592. on inp
ut line 592.
Package pdftex.def Info: Requested size: 28.7193pt x 12.17804pt on input line 5
92.
File: Bosch-Supergraphic.pdf Graphic file (type pdf)
<use Bosch-Supergraphic.pdf>
Package pdftex.def Info: Bosch-Supergraphic.pdf  used on input line 592. on inp
ut line 592.
Package pdftex.def Info: Requested size: 598.14613pt x 253.4989pt on input line
 592.

Underfull \hbox (badness 10000) has occurred while \output is active
[]
 []


Underfull \hbox (badness 10000) has occurred while \output is active
$[]$ []
 []

[8]
LaTeX Font Info:    Try loading font information for U+dsrom on input line 593.

 ("C:\Program Files\MiKTeX 2.9\tex\latex\doublestroke\udsrom.fd"
File: Udsrom.fd 1995/08/01 v0.1 Double stroke roman font definitions
)
(PT_LOG_LISA_ScenarioBasedTotalDemandForecasting.bbl
File: 140823186EmptyRoad.jpg Graphic file (type jpg)
<use 140823186EmptyRoad.jpg>
Package pdftex.def Info: 140823186EmptyRoad.jpg  used on input line 9. on input
 line 9.
Package pdftex.def Info: Requested size: 57.91275pt x 57.9137pt on input line 9
.
File: 140823186EmptyRoad.jpg Graphic file (type jpg)
<use 140823186EmptyRoad.jpg>
Package pdftex.def Info: 140823186EmptyRoad.jpg  used on input line 9. on input
 line 9.
Package pdftex.def Info: Requested size: 57.91275pt x 57.91275pt on input line 
9.
File: 140823186EmptyRoad.jpg Graphic file (type jpg)
<use 140823186EmptyRoad.jpg>
Package pdftex.def Info: 140823186EmptyRoad.jpg  used on input line 9. on input
 line 9.
Package pdftex.def Info: Requested size: 57.91275pt x 57.9137pt on input line 9
.
File: 140823186EmptyRoad.jpg Graphic file (type jpg)
<use 140823186EmptyRoad.jpg>
Package pdftex.def Info: 140823186EmptyRoad.jpg  used on input line 9. on input
 line 9.
Package pdftex.def Info: Requested size: 57.91275pt x 57.9137pt on input line 9
.
File: Bosch_4C_S.pdf Graphic file (type pdf)
<use Bosch_4C_S.pdf>
Package pdftex.def Info: Bosch_4C_S.pdf  used on input line 9. on input line 9.

Package pdftex.def Info: Requested size: 82.25192pt x 18.27762pt on input line 
9.
File: Bosch_4C_S.pdf Graphic file (type pdf)
<use Bosch_4C_S.pdf>
Package pdftex.def Info: Bosch_4C_S.pdf  used on input line 9. on input line 9.

Package pdftex.def Info: Requested size: 82.25192pt x 18.27762pt on input line 
9.
File: Bosch_4C_S.pdf Graphic file (type pdf)
<use Bosch_4C_S.pdf>
Package pdftex.def Info: Bosch_4C_S.pdf  used on input line 9. on input line 9.

Package pdftex.def Info: Requested size: 82.25021pt x 18.27762pt on input line 
9.
File: Bosch_4C_S.pdf Graphic file (type pdf)
<use Bosch_4C_S.pdf>
Package pdftex.def Info: Bosch_4C_S.pdf  used on input line 9. on input line 9.

Package pdftex.def Info: Requested size: 82.25192pt x 18.27762pt on input line 
9.
File: Bosch-Supergraphic.pdf Graphic file (type pdf)
<use Bosch-Supergraphic.pdf>
Package pdftex.def Info: Bosch-Supergraphic.pdf  used on input line 9. on input
 line 9.
Package pdftex.def Info: Requested size: 598.14613pt x 253.4989pt on input line
 9.
File: Bosch-Supergraphic.pdf Graphic file (type pdf)
<use Bosch-Supergraphic.pdf>
Package pdftex.def Info: Bosch-Supergraphic.pdf  used on input line 9. on input
 line 9.
Package pdftex.def Info: Requested size: 28.7193pt x 12.17804pt on input line 9
.
File: Bosch-Supergraphic.pdf Graphic file (type pdf)
<use Bosch-Supergraphic.pdf>
Package pdftex.def Info: Bosch-Supergraphic.pdf  used on input line 9. on input
 line 9.
Package pdftex.def Info: Requested size: 598.14613pt x 253.4989pt on input line
 9.

Underfull \hbox (badness 10000) has occurred while \output is active
[]
 []


Underfull \hbox (badness 10000) has occurred while \output is active
$[]$ []
 []

[9]) 
AED: lastpage setting LastPage
File: 140823186EmptyRoad.jpg Graphic file (type jpg)
<use 140823186EmptyRoad.jpg>
Package pdftex.def Info: 140823186EmptyRoad.jpg  used on input line 655. on inp
ut line 655.
Package pdftex.def Info: Requested size: 57.91275pt x 57.9137pt on input line 6
55.
File: 140823186EmptyRoad.jpg Graphic file (type jpg)
<use 140823186EmptyRoad.jpg>
Package pdftex.def Info: 140823186EmptyRoad.jpg  used on input line 655. on inp
ut line 655.
Package pdftex.def Info: Requested size: 57.91275pt x 57.91275pt on input line 
655.
File: 140823186EmptyRoad.jpg Graphic file (type jpg)
<use 140823186EmptyRoad.jpg>
Package pdftex.def Info: 140823186EmptyRoad.jpg  used on input line 655. on inp
ut line 655.
Package pdftex.def Info: Requested size: 57.91275pt x 57.9137pt on input line 6
55.
File: 140823186EmptyRoad.jpg Graphic file (type jpg)
<use 140823186EmptyRoad.jpg>
Package pdftex.def Info: 140823186EmptyRoad.jpg  used on input line 655. on inp
ut line 655.
Package pdftex.def Info: Requested size: 57.91275pt x 57.9137pt on input line 6
55.
File: Bosch_4C_S.pdf Graphic file (type pdf)
<use Bosch_4C_S.pdf>
Package pdftex.def Info: Bosch_4C_S.pdf  used on input line 655. on input line 
655.
Package pdftex.def Info: Requested size: 82.25192pt x 18.27762pt on input line 
655.
File: Bosch_4C_S.pdf Graphic file (type pdf)
<use Bosch_4C_S.pdf>
Package pdftex.def Info: Bosch_4C_S.pdf  used on input line 655. on input line 
655.
Package pdftex.def Info: Requested size: 82.25192pt x 18.27762pt on input line 
655.
File: Bosch_4C_S.pdf Graphic file (type pdf)
<use Bosch_4C_S.pdf>
Package pdftex.def Info: Bosch_4C_S.pdf  used on input line 655. on input line 
655.
Package pdftex.def Info: Requested size: 82.25021pt x 18.27762pt on input line 
655.
File: Bosch_4C_S.pdf Graphic file (type pdf)
<use Bosch_4C_S.pdf>
Package pdftex.def Info: Bosch_4C_S.pdf  used on input line 655. on input line 
655.
Package pdftex.def Info: Requested size: 82.25192pt x 18.27762pt on input line 
655.
File: Bosch-Supergraphic.pdf Graphic file (type pdf)
<use Bosch-Supergraphic.pdf>
Package pdftex.def Info: Bosch-Supergraphic.pdf  used on input line 655. on inp
ut line 655.
Package pdftex.def Info: Requested size: 598.14613pt x 253.4989pt on input line
 655.
File: Bosch-Supergraphic.pdf Graphic file (type pdf)
<use Bosch-Supergraphic.pdf>
Package pdftex.def Info: Bosch-Supergraphic.pdf  used on input line 655. on inp
ut line 655.
Package pdftex.def Info: Requested size: 28.7193pt x 12.17804pt on input line 6
55.
File: Bosch-Supergraphic.pdf Graphic file (type pdf)
<use Bosch-Supergraphic.pdf>
Package pdftex.def Info: Bosch-Supergraphic.pdf  used on input line 655. on inp
ut line 655.
Package pdftex.def Info: Requested size: 598.14613pt x 253.4989pt on input line
 655.

Underfull \hbox (badness 10000) has occurred while \output is active
[]
 []


Underfull \hbox (badness 10000) has occurred while \output is active
$[]$ []
 []

[10]
Package atveryend Info: Empty hook `BeforeClearDocument' on input line 655.
Package atveryend Info: Empty hook `AfterLastShipout' on input line 655.
 (PT_LOG_LISA_ScenarioBasedTotalDemandForecasting.aux)
Package atveryend Info: Executing hook `AtVeryEndDocument' on input line 655.
Package atveryend Info: Executing hook `AtEndAfterFileList' on input line 655.
Package rerunfilecheck Info: File `PT_LOG_LISA_ScenarioBasedTotalDemandForecast
ing.out' has not changed.
(rerunfilecheck)             Checksum: DF990EC0980FE8C282C39A3B30CA274F;934.


LaTeX Warning: There were multiply-defined labels.

 ) 
Here is how much of TeX's memory you used:
 26868 strings out of 493314
 482350 string characters out of 3138864
 811906 words of memory out of 3000000
 29607 multiletter control sequences out of 15000+200000
 115581 words of font info for 188 fonts, out of 3000000 for 9000
 1141 hyphenation exceptions out of 8191
 73i,15n,77p,8860b,907s stack positions out of 5000i,500n,10000p,200000b,50000s
{C:/Program Files/MiKTeX 2.9/fonts/enc/dvips/base/8r.enc}<C:/Program Files/Mi
KTeX 2.9/fonts/type1/public/amsfonts/cm/cmex10.pfb><C:/Program Files/MiKTeX 2.9
/fonts/type1/public/amsfonts/cm/cmmi10.pfb><C:/Program Files/MiKTeX 2.9/fonts/t
ype1/public/amsfonts/cm/cmmi6.pfb><C:/Program Files/MiKTeX 2.9/fonts/type1/publ
ic/amsfonts/cm/cmmi7.pfb><C:/Program Files/MiKTeX 2.9/fonts/type1/public/amsfon
ts/cm/cmmi8.pfb><C:/Program Files/MiKTeX 2.9/fonts/type1/public/amsfonts/cm/cmr
10.pfb><C:/Program Files/MiKTeX 2.9/fonts/type1/public/amsfonts/cm/cmr6.pfb><C:
/Program Files/MiKTeX 2.9/fonts/type1/public/amsfonts/cm/cmr7.pfb><C:/Program F
iles/MiKTeX 2.9/fonts/type1/public/amsfonts/cm/cmr8.pfb><C:/Program Files/MiKTe
X 2.9/fonts/type1/public/amsfonts/cm/cmsy10.pfb><C:/Program Files/MiKTeX 2.9/fo
nts/type1/public/amsfonts/cm/cmsy7.pfb><C:/Program Files/MiKTeX 2.9/fonts/type1
/public/amsfonts/cm/cmsy8.pfb><C:/Program Files/MiKTeX 2.9/fonts/type1/public/d
oublestroke/dsrom10.pfb><C:/Program Files/MiKTeX 2.9/fonts/type1/public/amsfont
s/euler/eufm10.pfb><C:/ProgramData/texmfbosch/fonts/type1/bosch/boschofficesans
/fbob8a.pfb><C:/ProgramData/texmfbosch/fonts/type1/bosch/boschofficesans/fbor8a
.pfb><C:/Program Files/MiKTeX 2.9/fonts/type1/public/marvosym/marvosym.pfb><C:/
Program Files/MiKTeX 2.9/fonts/type1/public/amsfonts/symbols/msbm10.pfb><C:/Pro
gram Files/MiKTeX 2.9/fonts/type1/adobe/utopia/putb8a.pfb><C:/Program Files/MiK
TeX 2.9/fonts/type1/adobe/utopia/putr8a.pfb><C:/Program Files/MiKTeX 2.9/fonts/
type1/adobe/utopia/putri8a.pfb>
Output written on PT_LOG_LISA_ScenarioBasedTotalDemandForecasting.pdf (10 pages
, 1017168 bytes).
PDF statistics:
 405 PDF objects out of 1000 (max. 8388607)
 92 named destinations out of 1000 (max. 500000)
 29344 words of extra memory for PDF output out of 29859 (max. 10000000)

